This file contains any messages produced by compilers while
running configure, to aid debugging if configure makes a mistake.

It was created by Valgrind configure 3.8.0.SVN, which was
generated by GNU Autoconf 2.69.  Invocation command line was

  $ ./configure --prefix=/home/david/install/valgrind/

## --------- ##
## Platform. ##
## --------- ##

hostname = osage
uname -m = x86_64
uname -r = 3.10-3-amd64
uname -s = Linux
uname -v = #1 SMP Debian 3.10.11-1 (2013-09-10)

/usr/bin/uname -p = unknown
/bin/uname -X     = unknown

/bin/arch              = unknown
/usr/bin/arch -k       = unknown
/usr/convex/getsysinfo = unknown
/usr/bin/hostinfo      = unknown
/bin/machine           = unknown
/usr/bin/oslevel       = unknown
/bin/universe          = unknown

PATH: /usr/local/bin
PATH: /usr/bin
PATH: /bin
PATH: /usr/local/games
PATH: /usr/games
PATH: /home/david/scripts/
PATH: /home/david/install/poole/
PATH: /usr/local/cuda-5.0/bin


## ----------- ##
## Core tests. ##
## ----------- ##

configure:2567: checking for a BSD-compatible install
configure:2635: result: /usr/bin/install -c
configure:2646: checking whether build environment is sane
configure:2701: result: yes
configure:2739: WARNING: 'missing' script is too old or missing
configure:2852: checking for a thread-safe mkdir -p
configure:2891: result: /bin/mkdir -p
configure:2898: checking for gawk
configure:2914: found /usr/bin/gawk
configure:2925: result: gawk
configure:2936: checking whether make sets $(MAKE)
configure:2958: result: yes
configure:2987: checking whether make supports nested variables
configure:3004: result: yes
configure:3132: checking whether to enable maintainer-specific portions of Makefiles
configure:3141: result: no
configure:3160: checking whether ln -s works
configure:3164: result: yes
configure:3219: checking for gcc
configure:3235: found /usr/bin/gcc
configure:3246: result: gcc
configure:3475: checking for C compiler version
configure:3484: gcc --version >&5
gcc (Debian 4.8.2-15) 4.8.2
Copyright (C) 2013 Free Software Foundation, Inc.
This is free software; see the source for copying conditions.  There is NO
warranty; not even for MERCHANTABILITY or FITNESS FOR A PARTICULAR PURPOSE.

configure:3495: $? = 0
configure:3484: gcc -v >&5
Using built-in specs.
COLLECT_GCC=gcc
COLLECT_LTO_WRAPPER=/usr/lib/gcc/x86_64-linux-gnu/4.8/lto-wrapper
Target: x86_64-linux-gnu
Configured with: ../src/configure -v --with-pkgversion='Debian 4.8.2-15' --with-bugurl=file:///usr/share/doc/gcc-4.8/README.Bugs --enable-languages=c,c++,java,go,d,fortran,objc,obj-c++ --prefix=/usr --program-suffix=-4.8 --enable-shared --enable-linker-build-id --libexecdir=/usr/lib --without-included-gettext --enable-threads=posix --with-gxx-include-dir=/usr/include/c++/4.8 --libdir=/usr/lib --enable-nls --with-sysroot=/ --enable-clocale=gnu --enable-libstdcxx-debug --enable-libstdcxx-time=yes --enable-gnu-unique-object --disable-libmudflap --enable-plugin --with-system-zlib --disable-browser-plugin --enable-java-awt=gtk --enable-gtk-cairo --with-java-home=/usr/lib/jvm/java-1.5.0-gcj-4.8-amd64/jre --enable-java-home --with-jvm-root-dir=/usr/lib/jvm/java-1.5.0-gcj-4.8-amd64 --with-jvm-jar-dir=/usr/lib/jvm-exports/java-1.5.0-gcj-4.8-amd64 --with-arch-directory=amd64 --with-ecj-jar=/usr/share/java/eclipse-ecj.jar --enable-objc-gc --enable-multiarch --with-arch-32=i586 --with-abi=m64 --with-multilib-list=m32,m64,mx32 --with-tune=generic --enable-checking=release --build=x86_64-linux-gnu --host=x86_64-linux-gnu --target=x86_64-linux-gnu
Thread model: posix
gcc version 4.8.2 (Debian 4.8.2-15) 
configure:3495: $? = 0
configure:3484: gcc -V >&5
gcc: error: unrecognized command line option '-V'
gcc: fatal error: no input files
compilation terminated.
configure:3495: $? = 4
configure:3484: gcc -qversion >&5
gcc: error: unrecognized command line option '-qversion'
gcc: fatal error: no input files
compilation terminated.
configure:3495: $? = 4
configure:3515: checking whether the C compiler works
configure:3537: gcc -g -Wno-long-long    conftest.c  >&5
configure:3541: $? = 0
configure:3589: result: yes
configure:3592: checking for C compiler default output file name
configure:3594: result: a.out
configure:3600: checking for suffix of executables
configure:3607: gcc -o conftest -g -Wno-long-long    conftest.c  >&5
configure:3611: $? = 0
configure:3633: result: 
configure:3655: checking whether we are cross compiling
configure:3663: gcc -o conftest -g -Wno-long-long    conftest.c  >&5
configure:3667: $? = 0
configure:3674: ./conftest
configure:3678: $? = 0
configure:3693: result: no
configure:3698: checking for suffix of object files
configure:3720: gcc -c -g -Wno-long-long   conftest.c >&5
configure:3724: $? = 0
configure:3745: result: o
configure:3749: checking whether we are using the GNU C compiler
configure:3768: gcc -c -g -Wno-long-long   conftest.c >&5
configure:3768: $? = 0
configure:3777: result: yes
configure:3786: checking whether gcc accepts -g
configure:3806: gcc -c -g  conftest.c >&5
configure:3806: $? = 0
configure:3847: result: yes
configure:3864: checking for gcc option to accept ISO C89
configure:3927: gcc  -c -g -Wno-long-long   conftest.c >&5
configure:3927: $? = 0
configure:3940: result: none needed
configure:3965: checking whether gcc understands -c and -o together
configure:3987: gcc -c conftest.c -o conftest2.o
configure:3990: $? = 0
configure:3987: gcc -c conftest.c -o conftest2.o
configure:3990: $? = 0
configure:4002: result: yes
configure:4030: checking for style of include used by make
configure:4058: result: GNU
configure:4084: checking dependency style of gcc
configure:4195: result: gcc3
configure:4216: checking how to run the C preprocessor
configure:4247: gcc -E  conftest.c
configure:4247: $? = 0
configure:4261: gcc -E  conftest.c
conftest.c:11:28: fatal error: ac_nonexistent.h: No such file or directory
 #include <ac_nonexistent.h>
                            ^
compilation terminated.
configure:4261: $? = 1
configure: failed program was:
| /* confdefs.h */
| #define PACKAGE_NAME "Valgrind"
| #define PACKAGE_TARNAME "valgrind"
| #define PACKAGE_VERSION "3.8.0.SVN"
| #define PACKAGE_STRING "Valgrind 3.8.0.SVN"
| #define PACKAGE_BUGREPORT "valgrind-users@lists.sourceforge.net"
| #define PACKAGE_URL ""
| #define PACKAGE "valgrind"
| #define VERSION "3.8.0.SVN"
| /* end confdefs.h.  */
| #include <ac_nonexistent.h>
configure:4286: result: gcc -E
configure:4306: gcc -E  conftest.c
configure:4306: $? = 0
configure:4320: gcc -E  conftest.c
conftest.c:11:28: fatal error: ac_nonexistent.h: No such file or directory
 #include <ac_nonexistent.h>
                            ^
compilation terminated.
configure:4320: $? = 1
configure: failed program was:
| /* confdefs.h */
| #define PACKAGE_NAME "Valgrind"
| #define PACKAGE_TARNAME "valgrind"
| #define PACKAGE_VERSION "3.8.0.SVN"
| #define PACKAGE_STRING "Valgrind 3.8.0.SVN"
| #define PACKAGE_BUGREPORT "valgrind-users@lists.sourceforge.net"
| #define PACKAGE_URL ""
| #define PACKAGE "valgrind"
| #define VERSION "3.8.0.SVN"
| /* end confdefs.h.  */
| #include <ac_nonexistent.h>
configure:4406: checking for g++
configure:4422: found /usr/bin/g++
configure:4433: result: g++
configure:4460: checking for C++ compiler version
configure:4469: g++ --version >&5
g++ (Debian 4.8.2-15) 4.8.2
Copyright (C) 2013 Free Software Foundation, Inc.
This is free software; see the source for copying conditions.  There is NO
warranty; not even for MERCHANTABILITY or FITNESS FOR A PARTICULAR PURPOSE.

configure:4480: $? = 0
configure:4469: g++ -v >&5
Using built-in specs.
COLLECT_GCC=g++
COLLECT_LTO_WRAPPER=/usr/lib/gcc/x86_64-linux-gnu/4.8/lto-wrapper
Target: x86_64-linux-gnu
Configured with: ../src/configure -v --with-pkgversion='Debian 4.8.2-15' --with-bugurl=file:///usr/share/doc/gcc-4.8/README.Bugs --enable-languages=c,c++,java,go,d,fortran,objc,obj-c++ --prefix=/usr --program-suffix=-4.8 --enable-shared --enable-linker-build-id --libexecdir=/usr/lib --without-included-gettext --enable-threads=posix --with-gxx-include-dir=/usr/include/c++/4.8 --libdir=/usr/lib --enable-nls --with-sysroot=/ --enable-clocale=gnu --enable-libstdcxx-debug --enable-libstdcxx-time=yes --enable-gnu-unique-object --disable-libmudflap --enable-plugin --with-system-zlib --disable-browser-plugin --enable-java-awt=gtk --enable-gtk-cairo --with-java-home=/usr/lib/jvm/java-1.5.0-gcj-4.8-amd64/jre --enable-java-home --with-jvm-root-dir=/usr/lib/jvm/java-1.5.0-gcj-4.8-amd64 --with-jvm-jar-dir=/usr/lib/jvm-exports/java-1.5.0-gcj-4.8-amd64 --with-arch-directory=amd64 --with-ecj-jar=/usr/share/java/eclipse-ecj.jar --enable-objc-gc --enable-multiarch --with-arch-32=i586 --with-abi=m64 --with-multilib-list=m32,m64,mx32 --with-tune=generic --enable-checking=release --build=x86_64-linux-gnu --host=x86_64-linux-gnu --target=x86_64-linux-gnu
Thread model: posix
gcc version 4.8.2 (Debian 4.8.2-15) 
configure:4480: $? = 0
configure:4469: g++ -V >&5
g++: error: unrecognized command line option '-V'
g++: fatal error: no input files
compilation terminated.
configure:4480: $? = 4
configure:4469: g++ -qversion >&5
g++: error: unrecognized command line option '-qversion'
g++: fatal error: no input files
compilation terminated.
configure:4480: $? = 4
configure:4484: checking whether we are using the GNU C++ compiler
configure:4503: g++ -c   conftest.cpp >&5
configure:4503: $? = 0
configure:4512: result: yes
configure:4521: checking whether g++ accepts -g
configure:4541: g++ -c -g  conftest.cpp >&5
configure:4541: $? = 0
configure:4582: result: yes
configure:4607: checking dependency style of g++
configure:4718: result: gcc3
configure:4789: checking for ranlib
configure:4805: found /usr/bin/ranlib
configure:4816: result: ranlib
configure:4841: checking for a sed that does not truncate output
configure:4905: result: /bin/sed
configure:4918: checking for ar
configure:4936: found /usr/bin/ar
configure:4948: result: /usr/bin/ar
configure:4971: checking for perl
configure:4989: found /usr/bin/perl
configure:5001: result: /usr/bin/perl
configure:5013: checking for gdb
configure:5031: found /usr/bin/gdb
configure:5044: result: /usr/bin/gdb
configure:5068: checking dependency style of gcc
configure:5177: result: gcc3
configure:5196: checking for diff -u
configure:5204: result: yes
configure:5216: checking for a supported version of gcc
configure:5252: result: ok (4.8)
configure:5278: checking build system type
configure:5292: result: x86_64-unknown-linux-gnu
configure:5312: checking host system type
configure:5325: result: x86_64-unknown-linux-gnu
configure:5346: checking for a supported CPU
configure:5361: result: ok (x86_64)
configure:5409: checking for a 64-bit only build
configure:5422: result: no
configure:5426: checking for a 32-bit only build
configure:5439: result: no
configure:5452: checking for a supported OS
configure:5460: result: ok (linux-gnu)
configure:5465: checking for the kernel version
configure:5472: result: 2.6.x/3.x family (3.10-3-amd64)
configure:5582: checking for 32 bit build support
configure:5600: gcc -o conftest -m32   conftest.c  >&5
In file included from <command-line>:0:0:
/usr/include/stdc-predef.h:30:26: fatal error: bits/predefs.h: No such file or directory
 #include <bits/predefs.h>
                          ^
compilation terminated.
configure:5600: $? = 1
configure: failed program was:
| /* confdefs.h */
| #define PACKAGE_NAME "Valgrind"
| #define PACKAGE_TARNAME "valgrind"
| #define PACKAGE_VERSION "3.8.0.SVN"
| #define PACKAGE_STRING "Valgrind 3.8.0.SVN"
| #define PACKAGE_BUGREPORT "valgrind-users@lists.sourceforge.net"
| #define PACKAGE_URL ""
| #define PACKAGE "valgrind"
| #define VERSION "3.8.0.SVN"
| #define GDB_PATH "/usr/bin/gdb"
| #define KERNEL_2_6 1
| /* end confdefs.h.  */
| 
| int
| main ()
| {
| 
|           return 0;
| 
|   ;
|   return 0;
| }
configure:5608: result: no
configure:5658: checking for a supported CPU/OS combination
configure:5708: result: ok (amd64-linux)
configure:6007: checking for use as an inner Valgrind
configure:6020: result: no
configure:6059: checking for grep that handles long lines and -e
configure:6117: result: /bin/grep
configure:6122: checking for egrep
configure:6184: result: /bin/grep -E
configure:6189: checking for ANSI C header files
configure:6209: gcc -c -g -Wno-long-long   conftest.c >&5
configure:6209: $? = 0
configure:6282: gcc -o conftest -g -Wno-long-long    conftest.c  >&5
configure:6282: $? = 0
configure:6282: ./conftest
configure:6282: $? = 0
configure:6293: result: yes
configure:6306: checking for sys/types.h
configure:6306: gcc -c -g -Wno-long-long   conftest.c >&5
configure:6306: $? = 0
configure:6306: result: yes
configure:6306: checking for sys/stat.h
configure:6306: gcc -c -g -Wno-long-long   conftest.c >&5
configure:6306: $? = 0
configure:6306: result: yes
configure:6306: checking for stdlib.h
configure:6306: gcc -c -g -Wno-long-long   conftest.c >&5
configure:6306: $? = 0
configure:6306: result: yes
configure:6306: checking for string.h
configure:6306: gcc -c -g -Wno-long-long   conftest.c >&5
configure:6306: $? = 0
configure:6306: result: yes
configure:6306: checking for memory.h
configure:6306: gcc -c -g -Wno-long-long   conftest.c >&5
configure:6306: $? = 0
configure:6306: result: yes
configure:6306: checking for strings.h
configure:6306: gcc -c -g -Wno-long-long   conftest.c >&5
configure:6306: $? = 0
configure:6306: result: yes
configure:6306: checking for inttypes.h
configure:6306: gcc -c -g -Wno-long-long   conftest.c >&5
configure:6306: $? = 0
configure:6306: result: yes
configure:6306: checking for stdint.h
configure:6306: gcc -c -g -Wno-long-long   conftest.c >&5
configure:6306: $? = 0
configure:6306: result: yes
configure:6306: checking for unistd.h
configure:6306: gcc -c -g -Wno-long-long   conftest.c >&5
configure:6306: $? = 0
configure:6306: result: yes
configure:6318: checking features.h usability
configure:6318: gcc -c -g -Wno-long-long   conftest.c >&5
configure:6318: $? = 0
configure:6318: result: yes
configure:6318: checking features.h presence
configure:6318: gcc -E  conftest.c
configure:6318: $? = 0
configure:6318: result: yes
configure:6318: checking for features.h
configure:6318: result: yes
configure:6370: checking the GLIBC_VERSION version
configure:6508: result: 2.17 family
configure:6630: checking for CLOCK_MONOTONIC
configure:6650: gcc -c -g -Wno-long-long   conftest.c >&5
configure:6650: $? = 0
configure:6652: result: yes
configure:6669: checking for pthread_rwlock_t
configure:6688: gcc -c -g -Wno-long-long   conftest.c >&5
configure:6688: $? = 0
configure:6690: result: yes
configure:6707: checking for PTHREAD_MUTEX_ADAPTIVE_NP
configure:6726: gcc -c -g -Wno-long-long   conftest.c >&5
configure:6726: $? = 0
configure:6728: result: yes
configure:6745: checking for PTHREAD_MUTEX_ERRORCHECK_NP
configure:6764: gcc -c -g -Wno-long-long   conftest.c >&5
configure:6764: $? = 0
configure:6766: result: yes
configure:6783: checking for PTHREAD_MUTEX_RECURSIVE_NP
configure:6802: gcc -c -g -Wno-long-long   conftest.c >&5
configure:6802: $? = 0
configure:6804: result: yes
configure:6821: checking for PTHREAD_RECURSIVE_MUTEX_INITIALIZER_NP
configure:6841: gcc -c -g -Wno-long-long   conftest.c >&5
configure:6841: $? = 0
configure:6843: result: yes
configure:6860: checking for pthread_mutex_t.__m_kind
configure:6860: gcc -c -g -Wno-long-long   conftest.c >&5
conftest.c: In function 'main':
conftest.c:37:12: error: 'pthread_mutex_t' has no member named '__m_kind'
 if (ac_aggr.__m_kind)
            ^
configure:6860: $? = 1
configure: failed program was:
| /* confdefs.h */
| #define PACKAGE_NAME "Valgrind"
| #define PACKAGE_TARNAME "valgrind"
| #define PACKAGE_VERSION "3.8.0.SVN"
| #define PACKAGE_STRING "Valgrind 3.8.0.SVN"
| #define PACKAGE_BUGREPORT "valgrind-users@lists.sourceforge.net"
| #define PACKAGE_URL ""
| #define PACKAGE "valgrind"
| #define VERSION "3.8.0.SVN"
| #define GDB_PATH "/usr/bin/gdb"
| #define KERNEL_2_6 1
| #define VG_TMPDIR "/tmp"
| #define STDC_HEADERS 1
| #define HAVE_SYS_TYPES_H 1
| #define HAVE_SYS_STAT_H 1
| #define HAVE_STDLIB_H 1
| #define HAVE_STRING_H 1
| #define HAVE_MEMORY_H 1
| #define HAVE_STRINGS_H 1
| #define HAVE_INTTYPES_H 1
| #define HAVE_STDINT_H 1
| #define HAVE_UNISTD_H 1
| #define GLIBC_2_17 1
| #define HAVE_CLOCK_MONOTONIC 1
| #define HAVE_PTHREAD_RWLOCK_T 1
| #define HAVE_PTHREAD_MUTEX_ADAPTIVE_NP 1
| #define HAVE_PTHREAD_MUTEX_ERRORCHECK_NP 1
| #define HAVE_PTHREAD_MUTEX_RECURSIVE_NP 1
| #define HAVE_PTHREAD_RECURSIVE_MUTEX_INITIALIZER_NP 1
| /* end confdefs.h.  */
| #include <pthread.h>
| 
| int
| main ()
| {
| static pthread_mutex_t ac_aggr;
| if (ac_aggr.__m_kind)
| return 0;
|   ;
|   return 0;
| }
configure:6860: gcc -c -g -Wno-long-long   conftest.c >&5
conftest.c: In function 'main':
conftest.c:37:19: error: 'pthread_mutex_t' has no member named '__m_kind'
 if (sizeof ac_aggr.__m_kind)
                   ^
configure:6860: $? = 1
configure: failed program was:
| /* confdefs.h */
| #define PACKAGE_NAME "Valgrind"
| #define PACKAGE_TARNAME "valgrind"
| #define PACKAGE_VERSION "3.8.0.SVN"
| #define PACKAGE_STRING "Valgrind 3.8.0.SVN"
| #define PACKAGE_BUGREPORT "valgrind-users@lists.sourceforge.net"
| #define PACKAGE_URL ""
| #define PACKAGE "valgrind"
| #define VERSION "3.8.0.SVN"
| #define GDB_PATH "/usr/bin/gdb"
| #define KERNEL_2_6 1
| #define VG_TMPDIR "/tmp"
| #define STDC_HEADERS 1
| #define HAVE_SYS_TYPES_H 1
| #define HAVE_SYS_STAT_H 1
| #define HAVE_STDLIB_H 1
| #define HAVE_STRING_H 1
| #define HAVE_MEMORY_H 1
| #define HAVE_STRINGS_H 1
| #define HAVE_INTTYPES_H 1
| #define HAVE_STDINT_H 1
| #define HAVE_UNISTD_H 1
| #define GLIBC_2_17 1
| #define HAVE_CLOCK_MONOTONIC 1
| #define HAVE_PTHREAD_RWLOCK_T 1
| #define HAVE_PTHREAD_MUTEX_ADAPTIVE_NP 1
| #define HAVE_PTHREAD_MUTEX_ERRORCHECK_NP 1
| #define HAVE_PTHREAD_MUTEX_RECURSIVE_NP 1
| #define HAVE_PTHREAD_RECURSIVE_MUTEX_INITIALIZER_NP 1
| /* end confdefs.h.  */
| #include <pthread.h>
| 
| int
| main ()
| {
| static pthread_mutex_t ac_aggr;
| if (sizeof ac_aggr.__m_kind)
| return 0;
|   ;
|   return 0;
| }
configure:6860: result: no
configure:6873: checking for pthread_mutex_t.__data.__kind
configure:6873: gcc -c -g -Wno-long-long   conftest.c >&5
configure:6873: $? = 0
configure:6873: result: yes
configure:6887: checking for Altivec
configure:6908: gcc -c -maltivec  conftest.c >&5
gcc: error: unrecognized command line option '-maltivec'
configure:6908: $? = 1
configure: failed program was:
| /* confdefs.h */
| #define PACKAGE_NAME "Valgrind"
| #define PACKAGE_TARNAME "valgrind"
| #define PACKAGE_VERSION "3.8.0.SVN"
| #define PACKAGE_STRING "Valgrind 3.8.0.SVN"
| #define PACKAGE_BUGREPORT "valgrind-users@lists.sourceforge.net"
| #define PACKAGE_URL ""
| #define PACKAGE "valgrind"
| #define VERSION "3.8.0.SVN"
| #define GDB_PATH "/usr/bin/gdb"
| #define KERNEL_2_6 1
| #define VG_TMPDIR "/tmp"
| #define STDC_HEADERS 1
| #define HAVE_SYS_TYPES_H 1
| #define HAVE_SYS_STAT_H 1
| #define HAVE_STDLIB_H 1
| #define HAVE_STRING_H 1
| #define HAVE_MEMORY_H 1
| #define HAVE_STRINGS_H 1
| #define HAVE_INTTYPES_H 1
| #define HAVE_STDINT_H 1
| #define HAVE_UNISTD_H 1
| #define GLIBC_2_17 1
| #define HAVE_CLOCK_MONOTONIC 1
| #define HAVE_PTHREAD_RWLOCK_T 1
| #define HAVE_PTHREAD_MUTEX_ADAPTIVE_NP 1
| #define HAVE_PTHREAD_MUTEX_ERRORCHECK_NP 1
| #define HAVE_PTHREAD_MUTEX_RECURSIVE_NP 1
| #define HAVE_PTHREAD_RECURSIVE_MUTEX_INITIALIZER_NP 1
| #define HAVE_PTHREAD_MUTEX_T__DATA__KIND 1
| /* end confdefs.h.  */
| 
| #include <altivec.h>
| 
| int
| main ()
| {
| 
|   vector unsigned int v;
| 
|   ;
|   return 0;
| }
configure:6920: result: no
configure:6945: checking for VSX
configure:6967: gcc -c -mvsx  conftest.c >&5
gcc: error: unrecognized command line option '-mvsx'
configure:6967: $? = 1
configure: failed program was:
| /* confdefs.h */
| #define PACKAGE_NAME "Valgrind"
| #define PACKAGE_TARNAME "valgrind"
| #define PACKAGE_VERSION "3.8.0.SVN"
| #define PACKAGE_STRING "Valgrind 3.8.0.SVN"
| #define PACKAGE_BUGREPORT "valgrind-users@lists.sourceforge.net"
| #define PACKAGE_URL ""
| #define PACKAGE "valgrind"
| #define VERSION "3.8.0.SVN"
| #define GDB_PATH "/usr/bin/gdb"
| #define KERNEL_2_6 1
| #define VG_TMPDIR "/tmp"
| #define STDC_HEADERS 1
| #define HAVE_SYS_TYPES_H 1
| #define HAVE_SYS_STAT_H 1
| #define HAVE_STDLIB_H 1
| #define HAVE_STRING_H 1
| #define HAVE_MEMORY_H 1
| #define HAVE_STRINGS_H 1
| #define HAVE_INTTYPES_H 1
| #define HAVE_STDINT_H 1
| #define HAVE_UNISTD_H 1
| #define GLIBC_2_17 1
| #define HAVE_CLOCK_MONOTONIC 1
| #define HAVE_PTHREAD_RWLOCK_T 1
| #define HAVE_PTHREAD_MUTEX_ADAPTIVE_NP 1
| #define HAVE_PTHREAD_MUTEX_ERRORCHECK_NP 1
| #define HAVE_PTHREAD_MUTEX_RECURSIVE_NP 1
| #define HAVE_PTHREAD_RECURSIVE_MUTEX_INITIALIZER_NP 1
| #define HAVE_PTHREAD_MUTEX_T__DATA__KIND 1
| /* end confdefs.h.  */
| 
| #include <altivec.h>
| 
| int
| main ()
| {
| 
|   vector unsigned int v;
|   __asm__ __volatile__("xsmaddadp 32, 32, 33" ::: "memory","cc");
| 
|   ;
|   return 0;
| }
configure:6976: result: no
configure:6992: checking that assembler knows DFP
configure:7009: gcc -c -g -Wno-long-long   conftest.c >&5
conftest.c: Assembler messages:
conftest.c:38: Error: no such instruction: `dadd 1,2,3'
configure:7009: $? = 1
configure: failed program was:
| /* confdefs.h */
| #define PACKAGE_NAME "Valgrind"
| #define PACKAGE_TARNAME "valgrind"
| #define PACKAGE_VERSION "3.8.0.SVN"
| #define PACKAGE_STRING "Valgrind 3.8.0.SVN"
| #define PACKAGE_BUGREPORT "valgrind-users@lists.sourceforge.net"
| #define PACKAGE_URL ""
| #define PACKAGE "valgrind"
| #define VERSION "3.8.0.SVN"
| #define GDB_PATH "/usr/bin/gdb"
| #define KERNEL_2_6 1
| #define VG_TMPDIR "/tmp"
| #define STDC_HEADERS 1
| #define HAVE_SYS_TYPES_H 1
| #define HAVE_SYS_STAT_H 1
| #define HAVE_STDLIB_H 1
| #define HAVE_STRING_H 1
| #define HAVE_MEMORY_H 1
| #define HAVE_STRINGS_H 1
| #define HAVE_INTTYPES_H 1
| #define HAVE_STDINT_H 1
| #define HAVE_UNISTD_H 1
| #define GLIBC_2_17 1
| #define HAVE_CLOCK_MONOTONIC 1
| #define HAVE_PTHREAD_RWLOCK_T 1
| #define HAVE_PTHREAD_MUTEX_ADAPTIVE_NP 1
| #define HAVE_PTHREAD_MUTEX_ERRORCHECK_NP 1
| #define HAVE_PTHREAD_MUTEX_RECURSIVE_NP 1
| #define HAVE_PTHREAD_RECURSIVE_MUTEX_INITIALIZER_NP 1
| #define HAVE_PTHREAD_MUTEX_T__DATA__KIND 1
| /* end confdefs.h.  */
| 
| 
| int
| main ()
| {
| 
|   __asm__ __volatile__("dadd 1, 2, 3");
| 
|   ;
|   return 0;
| }
configure:7018: result: no
configure:7024: checking that compiler knows -mhard-dfp switch
configure:7042: gcc -c -mhard-dfp  conftest.c >&5
gcc: error: unrecognized command line option '-mhard-dfp'
configure:7042: $? = 1
configure: failed program was:
| /* confdefs.h */
| #define PACKAGE_NAME "Valgrind"
| #define PACKAGE_TARNAME "valgrind"
| #define PACKAGE_VERSION "3.8.0.SVN"
| #define PACKAGE_STRING "Valgrind 3.8.0.SVN"
| #define PACKAGE_BUGREPORT "valgrind-users@lists.sourceforge.net"
| #define PACKAGE_URL ""
| #define PACKAGE "valgrind"
| #define VERSION "3.8.0.SVN"
| #define GDB_PATH "/usr/bin/gdb"
| #define KERNEL_2_6 1
| #define VG_TMPDIR "/tmp"
| #define STDC_HEADERS 1
| #define HAVE_SYS_TYPES_H 1
| #define HAVE_SYS_STAT_H 1
| #define HAVE_STDLIB_H 1
| #define HAVE_STRING_H 1
| #define HAVE_MEMORY_H 1
| #define HAVE_STRINGS_H 1
| #define HAVE_INTTYPES_H 1
| #define HAVE_STDINT_H 1
| #define HAVE_UNISTD_H 1
| #define GLIBC_2_17 1
| #define HAVE_CLOCK_MONOTONIC 1
| #define HAVE_PTHREAD_RWLOCK_T 1
| #define HAVE_PTHREAD_MUTEX_ADAPTIVE_NP 1
| #define HAVE_PTHREAD_MUTEX_ERRORCHECK_NP 1
| #define HAVE_PTHREAD_MUTEX_RECURSIVE_NP 1
| #define HAVE_PTHREAD_RECURSIVE_MUTEX_INITIALIZER_NP 1
| #define HAVE_PTHREAD_MUTEX_T__DATA__KIND 1
| /* end confdefs.h.  */
| 
| 
| int
| main ()
| {
| 
|   __asm__ __volatile__("dadd 1, 2, 3");
| 
|   ;
|   return 0;
| }
configure:7051: result: no
configure:7069: checking for pthread_create@GLIBC2.0()
configure:7100: gcc -o conftest -lpthread   conftest.c  >&5
/tmp/ccEeL9mL.o: In function `main':
conftest.c:(.text+0x19): undefined reference to `pthread_create@GLIBC_2.0'
collect2: error: ld returned 1 exit status
configure:7100: $? = 1
configure: failed program was:
| /* confdefs.h */
| #define PACKAGE_NAME "Valgrind"
| #define PACKAGE_TARNAME "valgrind"
| #define PACKAGE_VERSION "3.8.0.SVN"
| #define PACKAGE_STRING "Valgrind 3.8.0.SVN"
| #define PACKAGE_BUGREPORT "valgrind-users@lists.sourceforge.net"
| #define PACKAGE_URL ""
| #define PACKAGE "valgrind"
| #define VERSION "3.8.0.SVN"
| #define GDB_PATH "/usr/bin/gdb"
| #define KERNEL_2_6 1
| #define VG_TMPDIR "/tmp"
| #define STDC_HEADERS 1
| #define HAVE_SYS_TYPES_H 1
| #define HAVE_SYS_STAT_H 1
| #define HAVE_STDLIB_H 1
| #define HAVE_STRING_H 1
| #define HAVE_MEMORY_H 1
| #define HAVE_STRINGS_H 1
| #define HAVE_INTTYPES_H 1
| #define HAVE_STDINT_H 1
| #define HAVE_UNISTD_H 1
| #define GLIBC_2_17 1
| #define HAVE_CLOCK_MONOTONIC 1
| #define HAVE_PTHREAD_RWLOCK_T 1
| #define HAVE_PTHREAD_MUTEX_ADAPTIVE_NP 1
| #define HAVE_PTHREAD_MUTEX_ERRORCHECK_NP 1
| #define HAVE_PTHREAD_MUTEX_RECURSIVE_NP 1
| #define HAVE_PTHREAD_RECURSIVE_MUTEX_INITIALIZER_NP 1
| #define HAVE_PTHREAD_MUTEX_T__DATA__KIND 1
| /* end confdefs.h.  */
| 
| extern int pthread_create_glibc_2_0(void*, const void*,
|                                     void *(*)(void*), void*);
| __asm__(".symver pthread_create_glibc_2_0, pthread_create@GLIBC_2.0");
| 
| int
| main ()
| {
| 
| #ifdef __powerpc__
| /*
|  * Apparently on PowerPC linking this program succeeds and generates an
|  * executable with the undefined symbol pthread_create@GLIBC_2.0.
|  */
| #error This test does not work properly on PowerPC.
| #else
|   pthread_create_glibc_2_0(0, 0, 0, 0);
| #endif
|   return 0;
| 
|   ;
|   return 0;
| }
configure:7112: result: no
configure:7131: checking for eventfd()
configure:7154: gcc -o conftest -g -Wno-long-long    conftest.c  >&5
configure:7154: $? = 0
configure:7156: result: yes
configure:7180: checking if gcc accepts -m32
configure:7199: gcc -c -m32  conftest.c >&5
In file included from <command-line>:0:0:
/usr/include/stdc-predef.h:30:26: fatal error: bits/predefs.h: No such file or directory
 #include <bits/predefs.h>
                          ^
compilation terminated.
configure:7199: $? = 1
configure: failed program was:
| /* confdefs.h */
| #define PACKAGE_NAME "Valgrind"
| #define PACKAGE_TARNAME "valgrind"
| #define PACKAGE_VERSION "3.8.0.SVN"
| #define PACKAGE_STRING "Valgrind 3.8.0.SVN"
| #define PACKAGE_BUGREPORT "valgrind-users@lists.sourceforge.net"
| #define PACKAGE_URL ""
| #define PACKAGE "valgrind"
| #define VERSION "3.8.0.SVN"
| #define GDB_PATH "/usr/bin/gdb"
| #define KERNEL_2_6 1
| #define VG_TMPDIR "/tmp"
| #define STDC_HEADERS 1
| #define HAVE_SYS_TYPES_H 1
| #define HAVE_SYS_STAT_H 1
| #define HAVE_STDLIB_H 1
| #define HAVE_STRING_H 1
| #define HAVE_MEMORY_H 1
| #define HAVE_STRINGS_H 1
| #define HAVE_INTTYPES_H 1
| #define HAVE_STDINT_H 1
| #define HAVE_UNISTD_H 1
| #define GLIBC_2_17 1
| #define HAVE_CLOCK_MONOTONIC 1
| #define HAVE_PTHREAD_RWLOCK_T 1
| #define HAVE_PTHREAD_MUTEX_ADAPTIVE_NP 1
| #define HAVE_PTHREAD_MUTEX_ERRORCHECK_NP 1
| #define HAVE_PTHREAD_MUTEX_RECURSIVE_NP 1
| #define HAVE_PTHREAD_RECURSIVE_MUTEX_INITIALIZER_NP 1
| #define HAVE_PTHREAD_MUTEX_T__DATA__KIND 1
| #define HAVE_EVENTFD 1
| #define HAVE_EVENTFD_READ 1
| /* end confdefs.h.  */
| 
| int
| main ()
| {
| 
|   return 0;
| 
|   ;
|   return 0;
| }
configure:7208: result: no
configure:7219: checking if gcc accepts -m64
configure:7238: gcc -c -m64  conftest.c >&5
configure:7238: $? = 0
configure:7241: result: yes
configure:7258: checking if gcc accepts -mmmx
configure:7277: gcc -c -mmmx  conftest.c >&5
configure:7277: $? = 0
configure:7280: result: yes
configure:7297: checking if gcc accepts -msse
configure:7316: gcc -c -msse  conftest.c >&5
configure:7316: $? = 0
configure:7319: result: yes
configure:7336: checking if gcc accepts -mpreferred-stack-boundary
configure:7355: gcc -c -mpreferred-stack-boundary=2  conftest.c >&5
conftest.c:1:0: error: -mpreferred-stack-boundary=2 is not between 4 and 12
 /* confdefs.h */
 ^
configure:7355: $? = 1
configure: failed program was:
| /* confdefs.h */
| #define PACKAGE_NAME "Valgrind"
| #define PACKAGE_TARNAME "valgrind"
| #define PACKAGE_VERSION "3.8.0.SVN"
| #define PACKAGE_STRING "Valgrind 3.8.0.SVN"
| #define PACKAGE_BUGREPORT "valgrind-users@lists.sourceforge.net"
| #define PACKAGE_URL ""
| #define PACKAGE "valgrind"
| #define VERSION "3.8.0.SVN"
| #define GDB_PATH "/usr/bin/gdb"
| #define KERNEL_2_6 1
| #define VG_TMPDIR "/tmp"
| #define STDC_HEADERS 1
| #define HAVE_SYS_TYPES_H 1
| #define HAVE_SYS_STAT_H 1
| #define HAVE_STDLIB_H 1
| #define HAVE_STRING_H 1
| #define HAVE_MEMORY_H 1
| #define HAVE_STRINGS_H 1
| #define HAVE_INTTYPES_H 1
| #define HAVE_STDINT_H 1
| #define HAVE_UNISTD_H 1
| #define GLIBC_2_17 1
| #define HAVE_CLOCK_MONOTONIC 1
| #define HAVE_PTHREAD_RWLOCK_T 1
| #define HAVE_PTHREAD_MUTEX_ADAPTIVE_NP 1
| #define HAVE_PTHREAD_MUTEX_ERRORCHECK_NP 1
| #define HAVE_PTHREAD_MUTEX_RECURSIVE_NP 1
| #define HAVE_PTHREAD_RECURSIVE_MUTEX_INITIALIZER_NP 1
| #define HAVE_PTHREAD_MUTEX_T__DATA__KIND 1
| #define HAVE_EVENTFD 1
| #define HAVE_EVENTFD_READ 1
| /* end confdefs.h.  */
| 
| int
| main ()
| {
| 
|   return 0;
| 
|   ;
|   return 0;
| }
configure:7364: result: no
configure:7375: checking if gcc accepts -Wno-pointer-sign
configure:7394: gcc -c -Wno-pointer-sign  conftest.c >&5
configure:7394: $? = 0
configure:7397: result: yes
configure:7417: checking if gcc accepts -Wno-empty-body
configure:7436: gcc -c -Wno-empty-body  conftest.c >&5
configure:7436: $? = 0
configure:7440: result: yes
configure:7456: checking if gcc accepts -Wno-format-zero-length
configure:7475: gcc -c -Wno-format-zero-length  conftest.c >&5
configure:7475: $? = 0
configure:7479: result: yes
configure:7495: checking if gcc accepts -Wno-nonnull
configure:7514: gcc -c -Wno-nonnull  conftest.c >&5
configure:7514: $? = 0
configure:7518: result: yes
configure:7534: checking if gcc accepts -Wno-overflow
configure:7553: gcc -c -Wno-overflow  conftest.c >&5
configure:7553: $? = 0
configure:7557: result: yes
configure:7573: checking if gcc accepts -Wno-uninitialized
configure:7592: gcc -c -Wno-uninitialized  conftest.c >&5
configure:7592: $? = 0
configure:7596: result: yes
configure:7612: checking if gcc accepts -Wextra or -W
configure:7631: gcc -c -Wextra  conftest.c >&5
configure:7631: $? = 0
configure:7635: result: -Wextra
configure:7676: checking if gcc accepts -fno-stack-protector
configure:7695: gcc -c -fno-stack-protector  conftest.c >&5
configure:7695: $? = 0
configure:7699: result: yes
configure:7722: checking if gcc accepts --param inline-unit-growth
configure:7741: gcc -c --param inline-unit-growth=900  conftest.c >&5
configure:7741: $? = 0
configure:7745: result: yes
configure:7762: checking if gcc accepts -gdwarf-4 -fdebug-types-section
configure:7781: gcc -c -gdwarf-4 -fdebug-types-section  conftest.c >&5
configure:7781: $? = 0
configure:7784: result: yes
configure:7811: checking if the linker accepts -Wl,--build-id=none
configure:7828: gcc -o conftest -Wl,--build-id=none   conftest.c  >&5
configure:7828: $? = 0
configure:7832: result: yes
configure:7849: checking if ppc32/64 as supports mtocrf/mfocrf
configure:7866: gcc -c -g -Wno-long-long  -Wno-pointer-sign -fno-stack-protector  conftest.c >&5
conftest.c: Assembler messages:
conftest.c:39: Error: no such instruction: `mtocrf 4,0'
conftest.c:40: Error: no such instruction: `mfocrf 0,4'
configure:7866: $? = 1
configure: failed program was:
| /* confdefs.h */
| #define PACKAGE_NAME "Valgrind"
| #define PACKAGE_TARNAME "valgrind"
| #define PACKAGE_VERSION "3.8.0.SVN"
| #define PACKAGE_STRING "Valgrind 3.8.0.SVN"
| #define PACKAGE_BUGREPORT "valgrind-users@lists.sourceforge.net"
| #define PACKAGE_URL ""
| #define PACKAGE "valgrind"
| #define VERSION "3.8.0.SVN"
| #define GDB_PATH "/usr/bin/gdb"
| #define KERNEL_2_6 1
| #define VG_TMPDIR "/tmp"
| #define STDC_HEADERS 1
| #define HAVE_SYS_TYPES_H 1
| #define HAVE_SYS_STAT_H 1
| #define HAVE_STDLIB_H 1
| #define HAVE_STRING_H 1
| #define HAVE_MEMORY_H 1
| #define HAVE_STRINGS_H 1
| #define HAVE_INTTYPES_H 1
| #define HAVE_STDINT_H 1
| #define HAVE_UNISTD_H 1
| #define GLIBC_2_17 1
| #define HAVE_CLOCK_MONOTONIC 1
| #define HAVE_PTHREAD_RWLOCK_T 1
| #define HAVE_PTHREAD_MUTEX_ADAPTIVE_NP 1
| #define HAVE_PTHREAD_MUTEX_ERRORCHECK_NP 1
| #define HAVE_PTHREAD_MUTEX_RECURSIVE_NP 1
| #define HAVE_PTHREAD_RECURSIVE_MUTEX_INITIALIZER_NP 1
| #define HAVE_PTHREAD_MUTEX_T__DATA__KIND 1
| #define HAVE_EVENTFD 1
| #define HAVE_EVENTFD_READ 1
| /* end confdefs.h.  */
| 
| int
| main ()
| {
| 
| __asm__ __volatile__("mtocrf 4,0");
| __asm__ __volatile__("mfocrf 0,4");
| 
|   ;
|   return 0;
| }
configure:7875: result: no
configure:7892: checking if x86/amd64 assembler speaks SSE3
configure:7910: gcc -c -g -Wno-long-long  -Wno-pointer-sign -fno-stack-protector  conftest.c >&5
configure:7910: $? = 0
configure:7913: result: yes
configure:7938: checking if x86/amd64 assembler speaks SSSE3
configure:7959: gcc -c -g -Wno-long-long  -Wno-pointer-sign -fno-stack-protector -msse  conftest.c >&5
configure:7959: $? = 0
configure:7962: result: yes
configure:7988: checking if x86/amd64 assembler supports 'pclmulqdq'
configure:8006: gcc -c -g -Wno-long-long  -Wno-pointer-sign -fno-stack-protector  conftest.c >&5
configure:8006: $? = 0
configure:8009: result: yes
configure:8034: checking if x86/amd64 assembler supports 'lzcnt'
configure:8052: gcc -c -g -Wno-long-long  -Wno-pointer-sign -fno-stack-protector  conftest.c >&5
configure:8052: $? = 0
configure:8055: result: yes
configure:8080: checking if x86/amd64 assembler speaks SSE4.2
configure:8101: gcc -c -g -Wno-long-long  -Wno-pointer-sign -fno-stack-protector  conftest.c >&5
configure:8101: $? = 0
configure:8104: result: yes
configure:8141: gcc -o conftest -g -Wno-long-long  -Wno-pointer-sign -fno-stack-protector   conftest.c  >&5
configure:8141: $? = 0
configure:8152: checking for TLS support
configure:8175: gcc -o conftest -g -Wno-long-long  -Wno-pointer-sign -fno-stack-protector   conftest.c  >&5
configure:8175: $? = 0
configure:8175: ./conftest
configure:8175: $? = 0
configure:8187: result: yes
configure:8201: checking for ANSI C header files
configure:8305: result: yes
configure:8330: checking asm/unistd.h usability
configure:8330: gcc -c -g -Wno-long-long  -Wno-pointer-sign -fno-stack-protector  conftest.c >&5
configure:8330: $? = 0
configure:8330: result: yes
configure:8330: checking asm/unistd.h presence
configure:8330: gcc -E  conftest.c
configure:8330: $? = 0
configure:8330: result: yes
configure:8330: checking for asm/unistd.h
configure:8330: result: yes
configure:8330: checking endian.h usability
configure:8330: gcc -c -g -Wno-long-long  -Wno-pointer-sign -fno-stack-protector  conftest.c >&5
configure:8330: $? = 0
configure:8330: result: yes
configure:8330: checking endian.h presence
configure:8330: gcc -E  conftest.c
configure:8330: $? = 0
configure:8330: result: yes
configure:8330: checking for endian.h
configure:8330: result: yes
configure:8330: checking mqueue.h usability
configure:8330: gcc -c -g -Wno-long-long  -Wno-pointer-sign -fno-stack-protector  conftest.c >&5
configure:8330: $? = 0
configure:8330: result: yes
configure:8330: checking mqueue.h presence
configure:8330: gcc -E  conftest.c
configure:8330: $? = 0
configure:8330: result: yes
configure:8330: checking for mqueue.h
configure:8330: result: yes
configure:8330: checking sys/endian.h usability
configure:8330: gcc -c -g -Wno-long-long  -Wno-pointer-sign -fno-stack-protector  conftest.c >&5
conftest.c:72:24: fatal error: sys/endian.h: No such file or directory
 #include <sys/endian.h>
                        ^
compilation terminated.
configure:8330: $? = 1
configure: failed program was:
| /* confdefs.h */
| #define PACKAGE_NAME "Valgrind"
| #define PACKAGE_TARNAME "valgrind"
| #define PACKAGE_VERSION "3.8.0.SVN"
| #define PACKAGE_STRING "Valgrind 3.8.0.SVN"
| #define PACKAGE_BUGREPORT "valgrind-users@lists.sourceforge.net"
| #define PACKAGE_URL ""
| #define PACKAGE "valgrind"
| #define VERSION "3.8.0.SVN"
| #define GDB_PATH "/usr/bin/gdb"
| #define KERNEL_2_6 1
| #define VG_TMPDIR "/tmp"
| #define STDC_HEADERS 1
| #define HAVE_SYS_TYPES_H 1
| #define HAVE_SYS_STAT_H 1
| #define HAVE_STDLIB_H 1
| #define HAVE_STRING_H 1
| #define HAVE_MEMORY_H 1
| #define HAVE_STRINGS_H 1
| #define HAVE_INTTYPES_H 1
| #define HAVE_STDINT_H 1
| #define HAVE_UNISTD_H 1
| #define GLIBC_2_17 1
| #define HAVE_CLOCK_MONOTONIC 1
| #define HAVE_PTHREAD_RWLOCK_T 1
| #define HAVE_PTHREAD_MUTEX_ADAPTIVE_NP 1
| #define HAVE_PTHREAD_MUTEX_ERRORCHECK_NP 1
| #define HAVE_PTHREAD_MUTEX_RECURSIVE_NP 1
| #define HAVE_PTHREAD_RECURSIVE_MUTEX_INITIALIZER_NP 1
| #define HAVE_PTHREAD_MUTEX_T__DATA__KIND 1
| #define HAVE_EVENTFD 1
| #define HAVE_EVENTFD_READ 1
| #define HAVE_TLS 1
| #define STDC_HEADERS 1
| #define HAVE_ASM_UNISTD_H 1
| #define HAVE_ENDIAN_H 1
| #define HAVE_MQUEUE_H 1
| /* end confdefs.h.  */
| #include <stdio.h>
| #ifdef HAVE_SYS_TYPES_H
| # include <sys/types.h>
| #endif
| #ifdef HAVE_SYS_STAT_H
| # include <sys/stat.h>
| #endif
| #ifdef STDC_HEADERS
| # include <stdlib.h>
| # include <stddef.h>
| #else
| # ifdef HAVE_STDLIB_H
| #  include <stdlib.h>
| # endif
| #endif
| #ifdef HAVE_STRING_H
| # if !defined STDC_HEADERS && defined HAVE_MEMORY_H
| #  include <memory.h>
| # endif
| # include <string.h>
| #endif
| #ifdef HAVE_STRINGS_H
| # include <strings.h>
| #endif
| #ifdef HAVE_INTTYPES_H
| # include <inttypes.h>
| #endif
| #ifdef HAVE_STDINT_H
| # include <stdint.h>
| #endif
| #ifdef HAVE_UNISTD_H
| # include <unistd.h>
| #endif
| #include <sys/endian.h>
configure:8330: result: no
configure:8330: checking sys/endian.h presence
configure:8330: gcc -E  conftest.c
conftest.c:39:24: fatal error: sys/endian.h: No such file or directory
 #include <sys/endian.h>
                        ^
compilation terminated.
configure:8330: $? = 1
configure: failed program was:
| /* confdefs.h */
| #define PACKAGE_NAME "Valgrind"
| #define PACKAGE_TARNAME "valgrind"
| #define PACKAGE_VERSION "3.8.0.SVN"
| #define PACKAGE_STRING "Valgrind 3.8.0.SVN"
| #define PACKAGE_BUGREPORT "valgrind-users@lists.sourceforge.net"
| #define PACKAGE_URL ""
| #define PACKAGE "valgrind"
| #define VERSION "3.8.0.SVN"
| #define GDB_PATH "/usr/bin/gdb"
| #define KERNEL_2_6 1
| #define VG_TMPDIR "/tmp"
| #define STDC_HEADERS 1
| #define HAVE_SYS_TYPES_H 1
| #define HAVE_SYS_STAT_H 1
| #define HAVE_STDLIB_H 1
| #define HAVE_STRING_H 1
| #define HAVE_MEMORY_H 1
| #define HAVE_STRINGS_H 1
| #define HAVE_INTTYPES_H 1
| #define HAVE_STDINT_H 1
| #define HAVE_UNISTD_H 1
| #define GLIBC_2_17 1
| #define HAVE_CLOCK_MONOTONIC 1
| #define HAVE_PTHREAD_RWLOCK_T 1
| #define HAVE_PTHREAD_MUTEX_ADAPTIVE_NP 1
| #define HAVE_PTHREAD_MUTEX_ERRORCHECK_NP 1
| #define HAVE_PTHREAD_MUTEX_RECURSIVE_NP 1
| #define HAVE_PTHREAD_RECURSIVE_MUTEX_INITIALIZER_NP 1
| #define HAVE_PTHREAD_MUTEX_T__DATA__KIND 1
| #define HAVE_EVENTFD 1
| #define HAVE_EVENTFD_READ 1
| #define HAVE_TLS 1
| #define STDC_HEADERS 1
| #define HAVE_ASM_UNISTD_H 1
| #define HAVE_ENDIAN_H 1
| #define HAVE_MQUEUE_H 1
| /* end confdefs.h.  */
| #include <sys/endian.h>
configure:8330: result: no
configure:8330: checking for sys/endian.h
configure:8330: result: no
configure:8330: checking sys/epoll.h usability
configure:8330: gcc -c -g -Wno-long-long  -Wno-pointer-sign -fno-stack-protector  conftest.c >&5
configure:8330: $? = 0
configure:8330: result: yes
configure:8330: checking sys/epoll.h presence
configure:8330: gcc -E  conftest.c
configure:8330: $? = 0
configure:8330: result: yes
configure:8330: checking for sys/epoll.h
configure:8330: result: yes
configure:8330: checking sys/eventfd.h usability
configure:8330: gcc -c -g -Wno-long-long  -Wno-pointer-sign -fno-stack-protector  conftest.c >&5
configure:8330: $? = 0
configure:8330: result: yes
configure:8330: checking sys/eventfd.h presence
configure:8330: gcc -E  conftest.c
configure:8330: $? = 0
configure:8330: result: yes
configure:8330: checking for sys/eventfd.h
configure:8330: result: yes
configure:8330: checking sys/klog.h usability
configure:8330: gcc -c -g -Wno-long-long  -Wno-pointer-sign -fno-stack-protector  conftest.c >&5
configure:8330: $? = 0
configure:8330: result: yes
configure:8330: checking sys/klog.h presence
configure:8330: gcc -E  conftest.c
configure:8330: $? = 0
configure:8330: result: yes
configure:8330: checking for sys/klog.h
configure:8330: result: yes
configure:8330: checking sys/poll.h usability
configure:8330: gcc -c -g -Wno-long-long  -Wno-pointer-sign -fno-stack-protector  conftest.c >&5
configure:8330: $? = 0
configure:8330: result: yes
configure:8330: checking sys/poll.h presence
configure:8330: gcc -E  conftest.c
configure:8330: $? = 0
configure:8330: result: yes
configure:8330: checking for sys/poll.h
configure:8330: result: yes
configure:8330: checking sys/signal.h usability
configure:8330: gcc -c -g -Wno-long-long  -Wno-pointer-sign -fno-stack-protector  conftest.c >&5
configure:8330: $? = 0
configure:8330: result: yes
configure:8330: checking sys/signal.h presence
configure:8330: gcc -E  conftest.c
configure:8330: $? = 0
configure:8330: result: yes
configure:8330: checking for sys/signal.h
configure:8330: result: yes
configure:8330: checking sys/signalfd.h usability
configure:8330: gcc -c -g -Wno-long-long  -Wno-pointer-sign -fno-stack-protector  conftest.c >&5
configure:8330: $? = 0
configure:8330: result: yes
configure:8330: checking sys/signalfd.h presence
configure:8330: gcc -E  conftest.c
configure:8330: $? = 0
configure:8330: result: yes
configure:8330: checking for sys/signalfd.h
configure:8330: result: yes
configure:8330: checking sys/syscall.h usability
configure:8330: gcc -c -g -Wno-long-long  -Wno-pointer-sign -fno-stack-protector  conftest.c >&5
configure:8330: $? = 0
configure:8330: result: yes
configure:8330: checking sys/syscall.h presence
configure:8330: gcc -E  conftest.c
configure:8330: $? = 0
configure:8330: result: yes
configure:8330: checking for sys/syscall.h
configure:8330: result: yes
configure:8330: checking sys/time.h usability
configure:8330: gcc -c -g -Wno-long-long  -Wno-pointer-sign -fno-stack-protector  conftest.c >&5
configure:8330: $? = 0
configure:8330: result: yes
configure:8330: checking sys/time.h presence
configure:8330: gcc -E  conftest.c
configure:8330: $? = 0
configure:8330: result: yes
configure:8330: checking for sys/time.h
configure:8330: result: yes
configure:8330: checking for sys/types.h
configure:8330: result: yes
configure:8342: checking if <linux/futex.h> is usable
configure:8360: gcc -c -g -Wno-long-long  -Wno-pointer-sign -fno-stack-protector  conftest.c >&5
configure:8360: $? = 0
configure:8366: result: yes
configure:8381: checking for uid_t in sys/types.h
configure:8400: result: yes
configure:8411: checking for off_t
configure:8411: gcc -c -g -Wno-long-long  -Wno-pointer-sign -fno-stack-protector  conftest.c >&5
configure:8411: $? = 0
configure:8411: gcc -c -g -Wno-long-long  -Wno-pointer-sign -fno-stack-protector  conftest.c >&5
conftest.c: In function 'main':
conftest.c:85:20: error: expected expression before ')' token
 if (sizeof ((off_t)))
                    ^
configure:8411: $? = 1
configure: failed program was:
| /* confdefs.h */
| #define PACKAGE_NAME "Valgrind"
| #define PACKAGE_TARNAME "valgrind"
| #define PACKAGE_VERSION "3.8.0.SVN"
| #define PACKAGE_STRING "Valgrind 3.8.0.SVN"
| #define PACKAGE_BUGREPORT "valgrind-users@lists.sourceforge.net"
| #define PACKAGE_URL ""
| #define PACKAGE "valgrind"
| #define VERSION "3.8.0.SVN"
| #define GDB_PATH "/usr/bin/gdb"
| #define KERNEL_2_6 1
| #define VG_TMPDIR "/tmp"
| #define STDC_HEADERS 1
| #define HAVE_SYS_TYPES_H 1
| #define HAVE_SYS_STAT_H 1
| #define HAVE_STDLIB_H 1
| #define HAVE_STRING_H 1
| #define HAVE_MEMORY_H 1
| #define HAVE_STRINGS_H 1
| #define HAVE_INTTYPES_H 1
| #define HAVE_STDINT_H 1
| #define HAVE_UNISTD_H 1
| #define GLIBC_2_17 1
| #define HAVE_CLOCK_MONOTONIC 1
| #define HAVE_PTHREAD_RWLOCK_T 1
| #define HAVE_PTHREAD_MUTEX_ADAPTIVE_NP 1
| #define HAVE_PTHREAD_MUTEX_ERRORCHECK_NP 1
| #define HAVE_PTHREAD_MUTEX_RECURSIVE_NP 1
| #define HAVE_PTHREAD_RECURSIVE_MUTEX_INITIALIZER_NP 1
| #define HAVE_PTHREAD_MUTEX_T__DATA__KIND 1
| #define HAVE_EVENTFD 1
| #define HAVE_EVENTFD_READ 1
| #define HAVE_TLS 1
| #define STDC_HEADERS 1
| #define HAVE_ASM_UNISTD_H 1
| #define HAVE_ENDIAN_H 1
| #define HAVE_MQUEUE_H 1
| #define HAVE_SYS_EPOLL_H 1
| #define HAVE_SYS_EVENTFD_H 1
| #define HAVE_SYS_KLOG_H 1
| #define HAVE_SYS_POLL_H 1
| #define HAVE_SYS_SIGNAL_H 1
| #define HAVE_SYS_SIGNALFD_H 1
| #define HAVE_SYS_SYSCALL_H 1
| #define HAVE_SYS_TIME_H 1
| #define HAVE_SYS_TYPES_H 1
| #define HAVE_USABLE_LINUX_FUTEX_H 1
| /* end confdefs.h.  */
| #include <stdio.h>
| #ifdef HAVE_SYS_TYPES_H
| # include <sys/types.h>
| #endif
| #ifdef HAVE_SYS_STAT_H
| # include <sys/stat.h>
| #endif
| #ifdef STDC_HEADERS
| # include <stdlib.h>
| # include <stddef.h>
| #else
| # ifdef HAVE_STDLIB_H
| #  include <stdlib.h>
| # endif
| #endif
| #ifdef HAVE_STRING_H
| # if !defined STDC_HEADERS && defined HAVE_MEMORY_H
| #  include <memory.h>
| # endif
| # include <string.h>
| #endif
| #ifdef HAVE_STRINGS_H
| # include <strings.h>
| #endif
| #ifdef HAVE_INTTYPES_H
| # include <inttypes.h>
| #endif
| #ifdef HAVE_STDINT_H
| # include <stdint.h>
| #endif
| #ifdef HAVE_UNISTD_H
| # include <unistd.h>
| #endif
| int
| main ()
| {
| if (sizeof ((off_t)))
| 	    return 0;
|   ;
|   return 0;
| }
configure:8411: result: yes
configure:8422: checking for size_t
configure:8422: gcc -c -g -Wno-long-long  -Wno-pointer-sign -fno-stack-protector  conftest.c >&5
configure:8422: $? = 0
configure:8422: gcc -c -g -Wno-long-long  -Wno-pointer-sign -fno-stack-protector  conftest.c >&5
conftest.c: In function 'main':
conftest.c:85:21: error: expected expression before ')' token
 if (sizeof ((size_t)))
                     ^
configure:8422: $? = 1
configure: failed program was:
| /* confdefs.h */
| #define PACKAGE_NAME "Valgrind"
| #define PACKAGE_TARNAME "valgrind"
| #define PACKAGE_VERSION "3.8.0.SVN"
| #define PACKAGE_STRING "Valgrind 3.8.0.SVN"
| #define PACKAGE_BUGREPORT "valgrind-users@lists.sourceforge.net"
| #define PACKAGE_URL ""
| #define PACKAGE "valgrind"
| #define VERSION "3.8.0.SVN"
| #define GDB_PATH "/usr/bin/gdb"
| #define KERNEL_2_6 1
| #define VG_TMPDIR "/tmp"
| #define STDC_HEADERS 1
| #define HAVE_SYS_TYPES_H 1
| #define HAVE_SYS_STAT_H 1
| #define HAVE_STDLIB_H 1
| #define HAVE_STRING_H 1
| #define HAVE_MEMORY_H 1
| #define HAVE_STRINGS_H 1
| #define HAVE_INTTYPES_H 1
| #define HAVE_STDINT_H 1
| #define HAVE_UNISTD_H 1
| #define GLIBC_2_17 1
| #define HAVE_CLOCK_MONOTONIC 1
| #define HAVE_PTHREAD_RWLOCK_T 1
| #define HAVE_PTHREAD_MUTEX_ADAPTIVE_NP 1
| #define HAVE_PTHREAD_MUTEX_ERRORCHECK_NP 1
| #define HAVE_PTHREAD_MUTEX_RECURSIVE_NP 1
| #define HAVE_PTHREAD_RECURSIVE_MUTEX_INITIALIZER_NP 1
| #define HAVE_PTHREAD_MUTEX_T__DATA__KIND 1
| #define HAVE_EVENTFD 1
| #define HAVE_EVENTFD_READ 1
| #define HAVE_TLS 1
| #define STDC_HEADERS 1
| #define HAVE_ASM_UNISTD_H 1
| #define HAVE_ENDIAN_H 1
| #define HAVE_MQUEUE_H 1
| #define HAVE_SYS_EPOLL_H 1
| #define HAVE_SYS_EVENTFD_H 1
| #define HAVE_SYS_KLOG_H 1
| #define HAVE_SYS_POLL_H 1
| #define HAVE_SYS_SIGNAL_H 1
| #define HAVE_SYS_SIGNALFD_H 1
| #define HAVE_SYS_SYSCALL_H 1
| #define HAVE_SYS_TIME_H 1
| #define HAVE_SYS_TYPES_H 1
| #define HAVE_USABLE_LINUX_FUTEX_H 1
| /* end confdefs.h.  */
| #include <stdio.h>
| #ifdef HAVE_SYS_TYPES_H
| # include <sys/types.h>
| #endif
| #ifdef HAVE_SYS_STAT_H
| # include <sys/stat.h>
| #endif
| #ifdef STDC_HEADERS
| # include <stdlib.h>
| # include <stddef.h>
| #else
| # ifdef HAVE_STDLIB_H
| #  include <stdlib.h>
| # endif
| #endif
| #ifdef HAVE_STRING_H
| # if !defined STDC_HEADERS && defined HAVE_MEMORY_H
| #  include <memory.h>
| # endif
| # include <string.h>
| #endif
| #ifdef HAVE_STRINGS_H
| # include <strings.h>
| #endif
| #ifdef HAVE_INTTYPES_H
| # include <inttypes.h>
| #endif
| #ifdef HAVE_STDINT_H
| # include <stdint.h>
| #endif
| #ifdef HAVE_UNISTD_H
| # include <unistd.h>
| #endif
| int
| main ()
| {
| if (sizeof ((size_t)))
| 	    return 0;
|   ;
|   return 0;
| }
configure:8422: result: yes
configure:8433: checking whether time.h and sys/time.h may both be included
configure:8453: gcc -c -g -Wno-long-long  -Wno-pointer-sign -fno-stack-protector  conftest.c >&5
configure:8453: $? = 0
configure:8460: result: yes
configure:8473: checking for working memcmp
configure:8516: gcc -o conftest -g -Wno-long-long  -Wno-pointer-sign -fno-stack-protector   conftest.c  >&5
configure:8516: $? = 0
configure:8516: ./conftest
configure:8516: $? = 0
configure:8526: result: yes
configure:8541: checking for stdlib.h
configure:8541: result: yes
configure:8541: checking for unistd.h
configure:8541: result: yes
configure:8541: checking for sys/param.h
configure:8541: gcc -c -g -Wno-long-long  -Wno-pointer-sign -fno-stack-protector  conftest.c >&5
configure:8541: $? = 0
configure:8541: result: yes
configure:8561: checking for getpagesize
configure:8561: gcc -o conftest -g -Wno-long-long  -Wno-pointer-sign -fno-stack-protector   conftest.c  >&5
configure:8561: $? = 0
configure:8561: result: yes
configure:8570: checking for working mmap
configure:8717: gcc -o conftest -g -Wno-long-long  -Wno-pointer-sign -fno-stack-protector   conftest.c  >&5
configure:8717: $? = 0
configure:8717: ./conftest
configure:8717: $? = 0
configure:8727: result: yes
configure:8737: checking for pthread_create in -lpthread
configure:8762: gcc -o conftest -g -Wno-long-long  -Wno-pointer-sign -fno-stack-protector   conftest.c -lpthread   >&5
configure:8762: $? = 0
configure:8771: result: yes
configure:8782: checking for clock_gettime in -lrt
configure:8807: gcc -o conftest -g -Wno-long-long  -Wno-pointer-sign -fno-stack-protector   conftest.c -lrt  -lpthread  >&5
configure:8807: $? = 0
configure:8816: result: yes
configure:8862: checking for clock_gettime
configure:8862: gcc -o conftest -g -Wno-long-long  -Wno-pointer-sign -fno-stack-protector   conftest.c -lrt -lpthread  >&5
configure:8862: $? = 0
configure:8862: result: yes
configure:8862: checking for epoll_create
configure:8862: gcc -o conftest -g -Wno-long-long  -Wno-pointer-sign -fno-stack-protector   conftest.c -lrt -lpthread  >&5
configure:8862: $? = 0
configure:8862: result: yes
configure:8862: checking for epoll_pwait
configure:8862: gcc -o conftest -g -Wno-long-long  -Wno-pointer-sign -fno-stack-protector   conftest.c -lrt -lpthread  >&5
configure:8862: $? = 0
configure:8862: result: yes
configure:8862: checking for klogctl
configure:8862: gcc -o conftest -g -Wno-long-long  -Wno-pointer-sign -fno-stack-protector   conftest.c -lrt -lpthread  >&5
configure:8862: $? = 0
configure:8862: result: yes
configure:8862: checking for mallinfo
configure:8862: gcc -o conftest -g -Wno-long-long  -Wno-pointer-sign -fno-stack-protector   conftest.c -lrt -lpthread  >&5
configure:8862: $? = 0
configure:8862: result: yes
configure:8862: checking for memchr
configure:8862: gcc -o conftest -g -Wno-long-long  -Wno-pointer-sign -fno-stack-protector   conftest.c -lrt -lpthread  >&5
conftest.c:85:6: warning: conflicting types for built-in function 'memchr' [enabled by default]
 char memchr ();
      ^
configure:8862: $? = 0
configure:8862: result: yes
configure:8862: checking for memset
configure:8862: gcc -o conftest -g -Wno-long-long  -Wno-pointer-sign -fno-stack-protector   conftest.c -lrt -lpthread  >&5
conftest.c:86:6: warning: conflicting types for built-in function 'memset' [enabled by default]
 char memset ();
      ^
configure:8862: $? = 0
configure:8862: result: yes
configure:8862: checking for mkdir
configure:8862: gcc -o conftest -g -Wno-long-long  -Wno-pointer-sign -fno-stack-protector   conftest.c -lrt -lpthread  >&5
configure:8862: $? = 0
configure:8862: result: yes
configure:8862: checking for mremap
configure:8862: gcc -o conftest -g -Wno-long-long  -Wno-pointer-sign -fno-stack-protector   conftest.c -lrt -lpthread  >&5
configure:8862: $? = 0
configure:8862: result: yes
configure:8862: checking for ppoll
configure:8862: gcc -o conftest -g -Wno-long-long  -Wno-pointer-sign -fno-stack-protector   conftest.c -lrt -lpthread  >&5
configure:8862: $? = 0
configure:8862: result: yes
configure:8862: checking for pthread_barrier_init
configure:8862: gcc -o conftest -g -Wno-long-long  -Wno-pointer-sign -fno-stack-protector   conftest.c -lrt -lpthread  >&5
configure:8862: $? = 0
configure:8862: result: yes
configure:8862: checking for pthread_condattr_setclock
configure:8862: gcc -o conftest -g -Wno-long-long  -Wno-pointer-sign -fno-stack-protector   conftest.c -lrt -lpthread  >&5
configure:8862: $? = 0
configure:8862: result: yes
configure:8862: checking for pthread_mutex_timedlock
configure:8862: gcc -o conftest -g -Wno-long-long  -Wno-pointer-sign -fno-stack-protector   conftest.c -lrt -lpthread  >&5
configure:8862: $? = 0
configure:8862: result: yes
configure:8862: checking for pthread_rwlock_timedrdlock
configure:8862: gcc -o conftest -g -Wno-long-long  -Wno-pointer-sign -fno-stack-protector   conftest.c -lrt -lpthread  >&5
configure:8862: $? = 0
configure:8862: result: yes
configure:8862: checking for pthread_rwlock_timedwrlock
configure:8862: gcc -o conftest -g -Wno-long-long  -Wno-pointer-sign -fno-stack-protector   conftest.c -lrt -lpthread  >&5
configure:8862: $? = 0
configure:8862: result: yes
configure:8862: checking for pthread_spin_lock
configure:8862: gcc -o conftest -g -Wno-long-long  -Wno-pointer-sign -fno-stack-protector   conftest.c -lrt -lpthread  >&5
configure:8862: $? = 0
configure:8862: result: yes
configure:8862: checking for pthread_yield
configure:8862: gcc -o conftest -g -Wno-long-long  -Wno-pointer-sign -fno-stack-protector   conftest.c -lrt -lpthread  >&5
configure:8862: $? = 0
configure:8862: result: yes
configure:8862: checking for readlinkat
configure:8862: gcc -o conftest -g -Wno-long-long  -Wno-pointer-sign -fno-stack-protector   conftest.c -lrt -lpthread  >&5
configure:8862: $? = 0
configure:8862: result: yes
configure:8862: checking for semtimedop
configure:8862: gcc -o conftest -g -Wno-long-long  -Wno-pointer-sign -fno-stack-protector   conftest.c -lrt -lpthread  >&5
configure:8862: $? = 0
configure:8862: result: yes
configure:8862: checking for signalfd
configure:8862: gcc -o conftest -g -Wno-long-long  -Wno-pointer-sign -fno-stack-protector   conftest.c -lrt -lpthread  >&5
configure:8862: $? = 0
configure:8862: result: yes
configure:8862: checking for sigwaitinfo
configure:8862: gcc -o conftest -g -Wno-long-long  -Wno-pointer-sign -fno-stack-protector   conftest.c -lrt -lpthread  >&5
configure:8862: $? = 0
configure:8862: result: yes
configure:8862: checking for strchr
configure:8862: gcc -o conftest -g -Wno-long-long  -Wno-pointer-sign -fno-stack-protector   conftest.c -lrt -lpthread  >&5
conftest.c:101:6: warning: conflicting types for built-in function 'strchr' [enabled by default]
 char strchr ();
      ^
configure:8862: $? = 0
configure:8862: result: yes
configure:8862: checking for strdup
configure:8862: gcc -o conftest -g -Wno-long-long  -Wno-pointer-sign -fno-stack-protector   conftest.c -lrt -lpthread  >&5
conftest.c:102:6: warning: conflicting types for built-in function 'strdup' [enabled by default]
 char strdup ();
      ^
configure:8862: $? = 0
configure:8862: result: yes
configure:8862: checking for strpbrk
configure:8862: gcc -o conftest -g -Wno-long-long  -Wno-pointer-sign -fno-stack-protector   conftest.c -lrt -lpthread  >&5
conftest.c:103:6: warning: conflicting types for built-in function 'strpbrk' [enabled by default]
 char strpbrk ();
      ^
configure:8862: $? = 0
configure:8862: result: yes
configure:8862: checking for strrchr
configure:8862: gcc -o conftest -g -Wno-long-long  -Wno-pointer-sign -fno-stack-protector   conftest.c -lrt -lpthread  >&5
conftest.c:104:6: warning: conflicting types for built-in function 'strrchr' [enabled by default]
 char strrchr ();
      ^
configure:8862: $? = 0
configure:8862: result: yes
configure:8862: checking for strstr
configure:8862: gcc -o conftest -g -Wno-long-long  -Wno-pointer-sign -fno-stack-protector   conftest.c -lrt -lpthread  >&5
conftest.c:105:6: warning: conflicting types for built-in function 'strstr' [enabled by default]
 char strstr ();
      ^
configure:8862: $? = 0
configure:8862: result: yes
configure:8862: checking for syscall
configure:8862: gcc -o conftest -g -Wno-long-long  -Wno-pointer-sign -fno-stack-protector   conftest.c -lrt -lpthread  >&5
configure:8862: $? = 0
configure:8862: result: yes
configure:8862: checking for utimensat
configure:8862: gcc -o conftest -g -Wno-long-long  -Wno-pointer-sign -fno-stack-protector   conftest.c -lrt -lpthread  >&5
configure:8862: $? = 0
configure:8862: result: yes
configure:8862: checking for process_vm_readv
configure:8862: gcc -o conftest -g -Wno-long-long  -Wno-pointer-sign -fno-stack-protector   conftest.c -lrt -lpthread  >&5
configure:8862: $? = 0
configure:8862: result: yes
configure:8862: checking for process_vm_writev
configure:8862: gcc -o conftest -g -Wno-long-long  -Wno-pointer-sign -fno-stack-protector   conftest.c -lrt -lpthread  >&5
configure:8862: $? = 0
configure:8862: result: yes
configure:8942: checking primary target for usable MPI2-compliant C compiler and mpi.h
configure:8966: mpicc -o conftest -m64   conftest.c  >&5
./configure: line 1745: mpicc: command not found
configure:8966: $? = 127
configure: failed program was:
| /* confdefs.h */
| #define PACKAGE_NAME "Valgrind"
| #define PACKAGE_TARNAME "valgrind"
| #define PACKAGE_VERSION "3.8.0.SVN"
| #define PACKAGE_STRING "Valgrind 3.8.0.SVN"
| #define PACKAGE_BUGREPORT "valgrind-users@lists.sourceforge.net"
| #define PACKAGE_URL ""
| #define PACKAGE "valgrind"
| #define VERSION "3.8.0.SVN"
| #define GDB_PATH "/usr/bin/gdb"
| #define KERNEL_2_6 1
| #define VG_TMPDIR "/tmp"
| #define STDC_HEADERS 1
| #define HAVE_SYS_TYPES_H 1
| #define HAVE_SYS_STAT_H 1
| #define HAVE_STDLIB_H 1
| #define HAVE_STRING_H 1
| #define HAVE_MEMORY_H 1
| #define HAVE_STRINGS_H 1
| #define HAVE_INTTYPES_H 1
| #define HAVE_STDINT_H 1
| #define HAVE_UNISTD_H 1
| #define GLIBC_2_17 1
| #define HAVE_CLOCK_MONOTONIC 1
| #define HAVE_PTHREAD_RWLOCK_T 1
| #define HAVE_PTHREAD_MUTEX_ADAPTIVE_NP 1
| #define HAVE_PTHREAD_MUTEX_ERRORCHECK_NP 1
| #define HAVE_PTHREAD_MUTEX_RECURSIVE_NP 1
| #define HAVE_PTHREAD_RECURSIVE_MUTEX_INITIALIZER_NP 1
| #define HAVE_PTHREAD_MUTEX_T__DATA__KIND 1
| #define HAVE_EVENTFD 1
| #define HAVE_EVENTFD_READ 1
| #define HAVE_TLS 1
| #define STDC_HEADERS 1
| #define HAVE_ASM_UNISTD_H 1
| #define HAVE_ENDIAN_H 1
| #define HAVE_MQUEUE_H 1
| #define HAVE_SYS_EPOLL_H 1
| #define HAVE_SYS_EVENTFD_H 1
| #define HAVE_SYS_KLOG_H 1
| #define HAVE_SYS_POLL_H 1
| #define HAVE_SYS_SIGNAL_H 1
| #define HAVE_SYS_SIGNALFD_H 1
| #define HAVE_SYS_SYSCALL_H 1
| #define HAVE_SYS_TIME_H 1
| #define HAVE_SYS_TYPES_H 1
| #define HAVE_USABLE_LINUX_FUTEX_H 1
| #define TIME_WITH_SYS_TIME 1
| #define HAVE_STDLIB_H 1
| #define HAVE_UNISTD_H 1
| #define HAVE_SYS_PARAM_H 1
| #define HAVE_GETPAGESIZE 1
| #define HAVE_MMAP 1
| #define HAVE_LIBPTHREAD 1
| #define HAVE_LIBRT 1
| #define HAVE_CLOCK_GETTIME 1
| #define HAVE_EPOLL_CREATE 1
| #define HAVE_EPOLL_PWAIT 1
| #define HAVE_KLOGCTL 1
| #define HAVE_MALLINFO 1
| #define HAVE_MEMCHR 1
| #define HAVE_MEMSET 1
| #define HAVE_MKDIR 1
| #define HAVE_MREMAP 1
| #define HAVE_PPOLL 1
| #define HAVE_PTHREAD_BARRIER_INIT 1
| #define HAVE_PTHREAD_CONDATTR_SETCLOCK 1
| #define HAVE_PTHREAD_MUTEX_TIMEDLOCK 1
| #define HAVE_PTHREAD_RWLOCK_TIMEDRDLOCK 1
| #define HAVE_PTHREAD_RWLOCK_TIMEDWRLOCK 1
| #define HAVE_PTHREAD_SPIN_LOCK 1
| #define HAVE_PTHREAD_YIELD 1
| #define HAVE_READLINKAT 1
| #define HAVE_SEMTIMEDOP 1
| #define HAVE_SIGNALFD 1
| #define HAVE_SIGWAITINFO 1
| #define HAVE_STRCHR 1
| #define HAVE_STRDUP 1
| #define HAVE_STRPBRK 1
| #define HAVE_STRRCHR 1
| #define HAVE_STRSTR 1
| #define HAVE_SYSCALL 1
| #define HAVE_UTIMENSAT 1
| #define HAVE_PROCESS_VM_READV 1
| #define HAVE_PROCESS_VM_WRITEV 1
| /* end confdefs.h.  */
| 
| #include <mpi.h>
| #include <stdio.h>
| 
| int
| main ()
| {
| 
|   int r = MPI_Init(NULL,NULL);
|   r |= MPI_Type_get_contents( MPI_INT, 0,0,0, NULL,NULL,NULL );
|   return r;
| 
|   ;
|   return 0;
| }
configure:8975: result: no
configure:8997: checking secondary target for usable MPI2-compliant C compiler and mpi.h
configure:9025: mpicc this will surely fail -o conftest    conftest.c  >&5
./configure: line 1745: mpicc: command not found
configure:9025: $? = 127
configure: failed program was:
| /* confdefs.h */
| #define PACKAGE_NAME "Valgrind"
| #define PACKAGE_TARNAME "valgrind"
| #define PACKAGE_VERSION "3.8.0.SVN"
| #define PACKAGE_STRING "Valgrind 3.8.0.SVN"
| #define PACKAGE_BUGREPORT "valgrind-users@lists.sourceforge.net"
| #define PACKAGE_URL ""
| #define PACKAGE "valgrind"
| #define VERSION "3.8.0.SVN"
| #define GDB_PATH "/usr/bin/gdb"
| #define KERNEL_2_6 1
| #define VG_TMPDIR "/tmp"
| #define STDC_HEADERS 1
| #define HAVE_SYS_TYPES_H 1
| #define HAVE_SYS_STAT_H 1
| #define HAVE_STDLIB_H 1
| #define HAVE_STRING_H 1
| #define HAVE_MEMORY_H 1
| #define HAVE_STRINGS_H 1
| #define HAVE_INTTYPES_H 1
| #define HAVE_STDINT_H 1
| #define HAVE_UNISTD_H 1
| #define GLIBC_2_17 1
| #define HAVE_CLOCK_MONOTONIC 1
| #define HAVE_PTHREAD_RWLOCK_T 1
| #define HAVE_PTHREAD_MUTEX_ADAPTIVE_NP 1
| #define HAVE_PTHREAD_MUTEX_ERRORCHECK_NP 1
| #define HAVE_PTHREAD_MUTEX_RECURSIVE_NP 1
| #define HAVE_PTHREAD_RECURSIVE_MUTEX_INITIALIZER_NP 1
| #define HAVE_PTHREAD_MUTEX_T__DATA__KIND 1
| #define HAVE_EVENTFD 1
| #define HAVE_EVENTFD_READ 1
| #define HAVE_TLS 1
| #define STDC_HEADERS 1
| #define HAVE_ASM_UNISTD_H 1
| #define HAVE_ENDIAN_H 1
| #define HAVE_MQUEUE_H 1
| #define HAVE_SYS_EPOLL_H 1
| #define HAVE_SYS_EVENTFD_H 1
| #define HAVE_SYS_KLOG_H 1
| #define HAVE_SYS_POLL_H 1
| #define HAVE_SYS_SIGNAL_H 1
| #define HAVE_SYS_SIGNALFD_H 1
| #define HAVE_SYS_SYSCALL_H 1
| #define HAVE_SYS_TIME_H 1
| #define HAVE_SYS_TYPES_H 1
| #define HAVE_USABLE_LINUX_FUTEX_H 1
| #define TIME_WITH_SYS_TIME 1
| #define HAVE_STDLIB_H 1
| #define HAVE_UNISTD_H 1
| #define HAVE_SYS_PARAM_H 1
| #define HAVE_GETPAGESIZE 1
| #define HAVE_MMAP 1
| #define HAVE_LIBPTHREAD 1
| #define HAVE_LIBRT 1
| #define HAVE_CLOCK_GETTIME 1
| #define HAVE_EPOLL_CREATE 1
| #define HAVE_EPOLL_PWAIT 1
| #define HAVE_KLOGCTL 1
| #define HAVE_MALLINFO 1
| #define HAVE_MEMCHR 1
| #define HAVE_MEMSET 1
| #define HAVE_MKDIR 1
| #define HAVE_MREMAP 1
| #define HAVE_PPOLL 1
| #define HAVE_PTHREAD_BARRIER_INIT 1
| #define HAVE_PTHREAD_CONDATTR_SETCLOCK 1
| #define HAVE_PTHREAD_MUTEX_TIMEDLOCK 1
| #define HAVE_PTHREAD_RWLOCK_TIMEDRDLOCK 1
| #define HAVE_PTHREAD_RWLOCK_TIMEDWRLOCK 1
| #define HAVE_PTHREAD_SPIN_LOCK 1
| #define HAVE_PTHREAD_YIELD 1
| #define HAVE_READLINKAT 1
| #define HAVE_SEMTIMEDOP 1
| #define HAVE_SIGNALFD 1
| #define HAVE_SIGWAITINFO 1
| #define HAVE_STRCHR 1
| #define HAVE_STRDUP 1
| #define HAVE_STRPBRK 1
| #define HAVE_STRRCHR 1
| #define HAVE_STRSTR 1
| #define HAVE_SYSCALL 1
| #define HAVE_UTIMENSAT 1
| #define HAVE_PROCESS_VM_READV 1
| #define HAVE_PROCESS_VM_WRITEV 1
| /* end confdefs.h.  */
| 
| #include <mpi.h>
| #include <stdio.h>
| 
| int
| main ()
| {
| 
|   int r = MPI_Init(NULL,NULL);
|   r |= MPI_Type_get_contents( MPI_INT, 0,0,0, NULL,NULL,NULL );
|   return r;
| 
|   ;
|   return 0;
| }
configure:9034: result: no
configure:9074: checking for boost
configure:9102: g++ -o conftest -m64   conftest.cpp -lboost_thread-mt  >&5
conftest.cpp:88:28: fatal error: boost/thread.hpp: No such file or directory
 #include <boost/thread.hpp>
                            ^
compilation terminated.
configure:9102: $? = 1
configure: failed program was:
| /* confdefs.h */
| #define PACKAGE_NAME "Valgrind"
| #define PACKAGE_TARNAME "valgrind"
| #define PACKAGE_VERSION "3.8.0.SVN"
| #define PACKAGE_STRING "Valgrind 3.8.0.SVN"
| #define PACKAGE_BUGREPORT "valgrind-users@lists.sourceforge.net"
| #define PACKAGE_URL ""
| #define PACKAGE "valgrind"
| #define VERSION "3.8.0.SVN"
| #define GDB_PATH "/usr/bin/gdb"
| #define KERNEL_2_6 1
| #define VG_TMPDIR "/tmp"
| #define STDC_HEADERS 1
| #define HAVE_SYS_TYPES_H 1
| #define HAVE_SYS_STAT_H 1
| #define HAVE_STDLIB_H 1
| #define HAVE_STRING_H 1
| #define HAVE_MEMORY_H 1
| #define HAVE_STRINGS_H 1
| #define HAVE_INTTYPES_H 1
| #define HAVE_STDINT_H 1
| #define HAVE_UNISTD_H 1
| #define GLIBC_2_17 1
| #define HAVE_CLOCK_MONOTONIC 1
| #define HAVE_PTHREAD_RWLOCK_T 1
| #define HAVE_PTHREAD_MUTEX_ADAPTIVE_NP 1
| #define HAVE_PTHREAD_MUTEX_ERRORCHECK_NP 1
| #define HAVE_PTHREAD_MUTEX_RECURSIVE_NP 1
| #define HAVE_PTHREAD_RECURSIVE_MUTEX_INITIALIZER_NP 1
| #define HAVE_PTHREAD_MUTEX_T__DATA__KIND 1
| #define HAVE_EVENTFD 1
| #define HAVE_EVENTFD_READ 1
| #define HAVE_TLS 1
| #define STDC_HEADERS 1
| #define HAVE_ASM_UNISTD_H 1
| #define HAVE_ENDIAN_H 1
| #define HAVE_MQUEUE_H 1
| #define HAVE_SYS_EPOLL_H 1
| #define HAVE_SYS_EVENTFD_H 1
| #define HAVE_SYS_KLOG_H 1
| #define HAVE_SYS_POLL_H 1
| #define HAVE_SYS_SIGNAL_H 1
| #define HAVE_SYS_SIGNALFD_H 1
| #define HAVE_SYS_SYSCALL_H 1
| #define HAVE_SYS_TIME_H 1
| #define HAVE_SYS_TYPES_H 1
| #define HAVE_USABLE_LINUX_FUTEX_H 1
| #define TIME_WITH_SYS_TIME 1
| #define HAVE_STDLIB_H 1
| #define HAVE_UNISTD_H 1
| #define HAVE_SYS_PARAM_H 1
| #define HAVE_GETPAGESIZE 1
| #define HAVE_MMAP 1
| #define HAVE_LIBPTHREAD 1
| #define HAVE_LIBRT 1
| #define HAVE_CLOCK_GETTIME 1
| #define HAVE_EPOLL_CREATE 1
| #define HAVE_EPOLL_PWAIT 1
| #define HAVE_KLOGCTL 1
| #define HAVE_MALLINFO 1
| #define HAVE_MEMCHR 1
| #define HAVE_MEMSET 1
| #define HAVE_MKDIR 1
| #define HAVE_MREMAP 1
| #define HAVE_PPOLL 1
| #define HAVE_PTHREAD_BARRIER_INIT 1
| #define HAVE_PTHREAD_CONDATTR_SETCLOCK 1
| #define HAVE_PTHREAD_MUTEX_TIMEDLOCK 1
| #define HAVE_PTHREAD_RWLOCK_TIMEDRDLOCK 1
| #define HAVE_PTHREAD_RWLOCK_TIMEDWRLOCK 1
| #define HAVE_PTHREAD_SPIN_LOCK 1
| #define HAVE_PTHREAD_YIELD 1
| #define HAVE_READLINKAT 1
| #define HAVE_SEMTIMEDOP 1
| #define HAVE_SIGNALFD 1
| #define HAVE_SIGWAITINFO 1
| #define HAVE_STRCHR 1
| #define HAVE_STRDUP 1
| #define HAVE_STRPBRK 1
| #define HAVE_STRRCHR 1
| #define HAVE_STRSTR 1
| #define HAVE_SYSCALL 1
| #define HAVE_UTIMENSAT 1
| #define HAVE_PROCESS_VM_READV 1
| #define HAVE_PROCESS_VM_WRITEV 1
| /* end confdefs.h.  */
| 
| #include <boost/thread.hpp>
| static void thread_func(void)
| { }
| int main(int argc, char** argv)
| {
|   boost::thread t(thread_func);
|   return 0;
| }
| 
configure:9114: result: no
configure:9143: checking for OpenMP
configure:9160: gcc -o conftest -fopenmp -m64   conftest.c  >&5
configure:9160: $? = 0
configure:9163: result: yes
configure:9189: checking if gcc supports __sync_add_and_fetch for the primary target
configure:9210: gcc -o conftest -m64   conftest.c  >&5
configure:9210: $? = 0
configure:9213: result: yes
configure:9298: checking if gcc supports __sync_add_and_fetch on uint64_t for all targets
configure:9317: gcc -o conftest -g -Wno-long-long  -Wno-pointer-sign -fno-stack-protector   conftest.c  >&5
configure:9317: $? = 0
configure:9369: result: yes
configure:9389: checking if g++ supports __sync_add_and_fetch
configure:9416: g++ -o conftest -m64   conftest.cpp  >&5
configure:9416: $? = 0
configure:9419: result: yes
configure:9482: checking if libstdc++ supports annotating shared pointers
configure:9509: g++ -o conftest -std=c++0x   conftest.cpp  >&5
configure:9509: $? = 0
configure:9541: g++ -o conftest -std=c++0x   conftest.cpp  >&5
/usr/include/c++/4.8/bits/shared_ptr_base.h: In member function 'void std::_Sp_counted_base<_Lp>::_M_release()':
conftest.cpp:90:59: error: lvalue required as decrement operand
     #define _GLIBCXX_SYNCHRONIZATION_HAPPENS_BEFORE(a) (a)----
                                                           ^
conftest.cpp:91:58: error: lvalue required as decrement operand
     #define _GLIBCXX_SYNCHRONIZATION_HAPPENS_AFTER(a) (a)----
                                                          ^
conftest.cpp:90:59: error: lvalue required as decrement operand
     #define _GLIBCXX_SYNCHRONIZATION_HAPPENS_BEFORE(a) (a)----
                                                           ^
conftest.cpp:91:58: error: lvalue required as decrement operand
     #define _GLIBCXX_SYNCHRONIZATION_HAPPENS_AFTER(a) (a)----
                                                          ^
/usr/include/c++/4.8/bits/shared_ptr_base.h: In member function 'void std::_Sp_counted_base<_Lp>::_M_weak_release()':
conftest.cpp:90:59: error: lvalue required as decrement operand
     #define _GLIBCXX_SYNCHRONIZATION_HAPPENS_BEFORE(a) (a)----
                                                           ^
conftest.cpp:91:58: error: lvalue required as decrement operand
     #define _GLIBCXX_SYNCHRONIZATION_HAPPENS_AFTER(a) (a)----
                                                          ^
/usr/include/c++/4.8/bits/basic_string.h: In instantiation of 'void std::basic_string<_CharT, _Traits, _Alloc>::_Rep::_M_dispose(const _Alloc&) [with _CharT = char; _Traits = std::char_traits<char>; _Alloc = std::allocator<char>]':
/usr/include/c++/4.8/bits/basic_string.h:539:9:   required from 'std::basic_string<_CharT, _Traits, _Alloc>::~basic_string() [with _CharT = char; _Traits = std::char_traits<char>; _Alloc = std::allocator<char>]'
/usr/include/c++/4.8/bits/basic_string.h:2866:20:   required from here
conftest.cpp:90:59: error: lvalue required as decrement operand
     #define _GLIBCXX_SYNCHRONIZATION_HAPPENS_BEFORE(a) (a)----
                                                           ^
conftest.cpp:91:58: error: lvalue required as decrement operand
     #define _GLIBCXX_SYNCHRONIZATION_HAPPENS_AFTER(a) (a)----
                                                          ^
/usr/include/c++/4.8/bits/basic_string.h: In instantiation of 'void std::basic_string<_CharT, _Traits, _Alloc>::_Rep::_M_dispose(const _Alloc&) [with _CharT = wchar_t; _Traits = std::char_traits<wchar_t>; _Alloc = std::allocator<wchar_t>]':
/usr/include/c++/4.8/bits/basic_string.h:539:9:   required from 'std::basic_string<_CharT, _Traits, _Alloc>::~basic_string() [with _CharT = wchar_t; _Traits = std::char_traits<wchar_t>; _Alloc = std::allocator<wchar_t>]'
/usr/include/c++/4.8/bits/basic_string.h:2967:22:   required from here
conftest.cpp:90:59: error: lvalue required as decrement operand
     #define _GLIBCXX_SYNCHRONIZATION_HAPPENS_BEFORE(a) (a)----
                                                           ^
conftest.cpp:91:58: error: lvalue required as decrement operand
     #define _GLIBCXX_SYNCHRONIZATION_HAPPENS_AFTER(a) (a)----
                                                          ^
configure:9541: $? = 1
configure: failed program was:
| /* confdefs.h */
| #define PACKAGE_NAME "Valgrind"
| #define PACKAGE_TARNAME "valgrind"
| #define PACKAGE_VERSION "3.8.0.SVN"
| #define PACKAGE_STRING "Valgrind 3.8.0.SVN"
| #define PACKAGE_BUGREPORT "valgrind-users@lists.sourceforge.net"
| #define PACKAGE_URL ""
| #define PACKAGE "valgrind"
| #define VERSION "3.8.0.SVN"
| #define GDB_PATH "/usr/bin/gdb"
| #define KERNEL_2_6 1
| #define VG_TMPDIR "/tmp"
| #define STDC_HEADERS 1
| #define HAVE_SYS_TYPES_H 1
| #define HAVE_SYS_STAT_H 1
| #define HAVE_STDLIB_H 1
| #define HAVE_STRING_H 1
| #define HAVE_MEMORY_H 1
| #define HAVE_STRINGS_H 1
| #define HAVE_INTTYPES_H 1
| #define HAVE_STDINT_H 1
| #define HAVE_UNISTD_H 1
| #define GLIBC_2_17 1
| #define HAVE_CLOCK_MONOTONIC 1
| #define HAVE_PTHREAD_RWLOCK_T 1
| #define HAVE_PTHREAD_MUTEX_ADAPTIVE_NP 1
| #define HAVE_PTHREAD_MUTEX_ERRORCHECK_NP 1
| #define HAVE_PTHREAD_MUTEX_RECURSIVE_NP 1
| #define HAVE_PTHREAD_RECURSIVE_MUTEX_INITIALIZER_NP 1
| #define HAVE_PTHREAD_MUTEX_T__DATA__KIND 1
| #define HAVE_EVENTFD 1
| #define HAVE_EVENTFD_READ 1
| #define HAVE_TLS 1
| #define STDC_HEADERS 1
| #define HAVE_ASM_UNISTD_H 1
| #define HAVE_ENDIAN_H 1
| #define HAVE_MQUEUE_H 1
| #define HAVE_SYS_EPOLL_H 1
| #define HAVE_SYS_EVENTFD_H 1
| #define HAVE_SYS_KLOG_H 1
| #define HAVE_SYS_POLL_H 1
| #define HAVE_SYS_SIGNAL_H 1
| #define HAVE_SYS_SIGNALFD_H 1
| #define HAVE_SYS_SYSCALL_H 1
| #define HAVE_SYS_TIME_H 1
| #define HAVE_SYS_TYPES_H 1
| #define HAVE_USABLE_LINUX_FUTEX_H 1
| #define TIME_WITH_SYS_TIME 1
| #define HAVE_STDLIB_H 1
| #define HAVE_UNISTD_H 1
| #define HAVE_SYS_PARAM_H 1
| #define HAVE_GETPAGESIZE 1
| #define HAVE_MMAP 1
| #define HAVE_LIBPTHREAD 1
| #define HAVE_LIBRT 1
| #define HAVE_CLOCK_GETTIME 1
| #define HAVE_EPOLL_CREATE 1
| #define HAVE_EPOLL_PWAIT 1
| #define HAVE_KLOGCTL 1
| #define HAVE_MALLINFO 1
| #define HAVE_MEMCHR 1
| #define HAVE_MEMSET 1
| #define HAVE_MKDIR 1
| #define HAVE_MREMAP 1
| #define HAVE_PPOLL 1
| #define HAVE_PTHREAD_BARRIER_INIT 1
| #define HAVE_PTHREAD_CONDATTR_SETCLOCK 1
| #define HAVE_PTHREAD_MUTEX_TIMEDLOCK 1
| #define HAVE_PTHREAD_RWLOCK_TIMEDRDLOCK 1
| #define HAVE_PTHREAD_RWLOCK_TIMEDWRLOCK 1
| #define HAVE_PTHREAD_SPIN_LOCK 1
| #define HAVE_PTHREAD_YIELD 1
| #define HAVE_READLINKAT 1
| #define HAVE_SEMTIMEDOP 1
| #define HAVE_SIGNALFD 1
| #define HAVE_SIGWAITINFO 1
| #define HAVE_STRCHR 1
| #define HAVE_STRDUP 1
| #define HAVE_STRPBRK 1
| #define HAVE_STRRCHR 1
| #define HAVE_STRSTR 1
| #define HAVE_SYSCALL 1
| #define HAVE_UTIMENSAT 1
| #define HAVE_PROCESS_VM_READV 1
| #define HAVE_PROCESS_VM_WRITEV 1
| #define HAVE_BUILTIN_ATOMIC 1
| #define HAVE_BUILTIN_ATOMIC_CXX 1
| /* end confdefs.h.  */
| 
|     #define _GLIBCXX_SYNCHRONIZATION_HAPPENS_BEFORE(a) (a)----
|     #define _GLIBCXX_SYNCHRONIZATION_HAPPENS_AFTER(a) (a)----
|     #include <memory>
| 
| int
| main ()
| {
| 
|     std::shared_ptr<int> p
| 
|   ;
|   return 0;
| }
configure:9550: result: yes
configure:9703: checking that generated files are newer than configure
configure:9709: result: done
configure:9916: creating ./config.status

## ---------------------- ##
## Running config.status. ##
## ---------------------- ##

This file was extended by Valgrind config.status 3.8.0.SVN, which was
generated by GNU Autoconf 2.69.  Invocation command line was

  CONFIG_FILES    = 
  CONFIG_HEADERS  = 
  CONFIG_LINKS    = 
  CONFIG_COMMANDS = 
  $ ./config.status 

on osage

config.status:1132: creating Makefile
config.status:1132: creating VEX/Makefile
config.status:1132: creating valgrind.spec
config.status:1132: creating valgrind.pc
config.status:1132: creating glibc-2.X.supp
config.status:1132: creating docs/Makefile
config.status:1132: creating tests/Makefile
config.status:1132: creating tests/vg_regtest
config.status:1132: creating perf/Makefile
config.status:1132: creating perf/vg_perf
config.status:1132: creating gdbserver_tests/Makefile
config.status:1132: creating include/Makefile
config.status:1132: creating auxprogs/Makefile
config.status:1132: creating mpi/Makefile
config.status:1132: creating coregrind/Makefile
config.status:1132: creating memcheck/Makefile
config.status:1132: creating memcheck/tests/Makefile
config.status:1132: creating memcheck/tests/amd64/Makefile
config.status:1132: creating memcheck/tests/x86/Makefile
config.status:1132: creating memcheck/tests/linux/Makefile
config.status:1132: creating memcheck/tests/darwin/Makefile
config.status:1132: creating memcheck/tests/amd64-linux/Makefile
config.status:1132: creating memcheck/tests/x86-linux/Makefile
config.status:1132: creating memcheck/tests/ppc32/Makefile
config.status:1132: creating memcheck/tests/ppc64/Makefile
config.status:1132: creating cachegrind/Makefile
config.status:1132: creating cachegrind/tests/Makefile
config.status:1132: creating cachegrind/tests/x86/Makefile
config.status:1132: creating cachegrind/cg_annotate
config.status:1132: creating cachegrind/cg_diff
config.status:1132: creating callgrind/Makefile
config.status:1132: creating callgrind/callgrind_annotate
config.status:1132: creating callgrind/callgrind_control
config.status:1132: creating callgrind/tests/Makefile
config.status:1132: creating helgrind/Makefile
config.status:1132: creating helgrind/tests/Makefile
config.status:1132: creating massif/Makefile
config.status:1132: creating massif/tests/Makefile
config.status:1132: creating massif/ms_print
config.status:1132: creating lackey/Makefile
config.status:1132: creating lackey/tests/Makefile
config.status:1132: creating heapinfo/Makefile
config.status:1132: creating heapinfo/tests/Makefile
config.status:1132: creating none/Makefile
config.status:1132: creating none/tests/Makefile
config.status:1132: creating none/tests/amd64/Makefile
config.status:1132: creating none/tests/ppc32/Makefile
config.status:1132: creating none/tests/ppc64/Makefile
config.status:1132: creating none/tests/x86/Makefile
config.status:1132: creating none/tests/arm/Makefile
config.status:1132: creating none/tests/s390x/Makefile
config.status:1132: creating none/tests/linux/Makefile
config.status:1132: creating none/tests/darwin/Makefile
config.status:1132: creating none/tests/x86-linux/Makefile
config.status:1132: creating exp-sgcheck/Makefile
config.status:1132: creating exp-sgcheck/tests/Makefile
config.status:1132: creating drd/Makefile
config.status:1132: creating drd/scripts/download-and-build-splash2
config.status:1132: creating drd/tests/Makefile
config.status:1132: creating exp-bbv/Makefile
config.status:1132: creating exp-bbv/tests/Makefile
config.status:1132: creating exp-bbv/tests/x86/Makefile
config.status:1132: creating exp-bbv/tests/x86-linux/Makefile
config.status:1132: creating exp-bbv/tests/amd64-linux/Makefile
config.status:1132: creating exp-bbv/tests/ppc32-linux/Makefile
config.status:1132: creating exp-bbv/tests/arm-linux/Makefile
config.status:1132: creating exp-dhat/Makefile
config.status:1132: creating exp-dhat/tests/Makefile
config.status:1132: creating coregrind/link_tool_exe_linux
config.status:1132: creating coregrind/link_tool_exe_darwin
config.status:1132: creating config.h
config.status:1313: config.h is unchanged
config.status:1361: executing depfiles commands

## ---------------- ##
## Cache variables. ##
## ---------------- ##

ac_cv_build=x86_64-unknown-linux-gnu
ac_cv_c_compiler_gnu=yes
ac_cv_cxx_compiler_gnu=yes
ac_cv_env_AR_set=
ac_cv_env_AR_value=
ac_cv_env_CCASFLAGS_set=
ac_cv_env_CCASFLAGS_value=
ac_cv_env_CCAS_set=
ac_cv_env_CCAS_value=
ac_cv_env_CCC_set=
ac_cv_env_CCC_value=
ac_cv_env_CC_set=
ac_cv_env_CC_value=
ac_cv_env_CFLAGS_set=
ac_cv_env_CFLAGS_value=
ac_cv_env_CPPFLAGS_set=
ac_cv_env_CPPFLAGS_value=
ac_cv_env_CPP_set=
ac_cv_env_CPP_value=
ac_cv_env_CXXFLAGS_set=
ac_cv_env_CXXFLAGS_value=
ac_cv_env_CXX_set=
ac_cv_env_CXX_value=
ac_cv_env_LDFLAGS_set=
ac_cv_env_LDFLAGS_value=
ac_cv_env_LIBS_set=
ac_cv_env_LIBS_value=
ac_cv_env_build_alias_set=
ac_cv_env_build_alias_value=
ac_cv_env_host_alias_set=
ac_cv_env_host_alias_value=
ac_cv_env_target_alias_set=
ac_cv_env_target_alias_value=
ac_cv_func_clock_gettime=yes
ac_cv_func_epoll_create=yes
ac_cv_func_epoll_pwait=yes
ac_cv_func_getpagesize=yes
ac_cv_func_klogctl=yes
ac_cv_func_mallinfo=yes
ac_cv_func_memchr=yes
ac_cv_func_memcmp_working=yes
ac_cv_func_memset=yes
ac_cv_func_mkdir=yes
ac_cv_func_mmap_fixed_mapped=yes
ac_cv_func_mremap=yes
ac_cv_func_ppoll=yes
ac_cv_func_process_vm_readv=yes
ac_cv_func_process_vm_writev=yes
ac_cv_func_pthread_barrier_init=yes
ac_cv_func_pthread_condattr_setclock=yes
ac_cv_func_pthread_mutex_timedlock=yes
ac_cv_func_pthread_rwlock_timedrdlock=yes
ac_cv_func_pthread_rwlock_timedwrlock=yes
ac_cv_func_pthread_spin_lock=yes
ac_cv_func_pthread_yield=yes
ac_cv_func_readlinkat=yes
ac_cv_func_semtimedop=yes
ac_cv_func_signalfd=yes
ac_cv_func_sigwaitinfo=yes
ac_cv_func_strchr=yes
ac_cv_func_strdup=yes
ac_cv_func_strpbrk=yes
ac_cv_func_strrchr=yes
ac_cv_func_strstr=yes
ac_cv_func_syscall=yes
ac_cv_func_utimensat=yes
ac_cv_header_asm_unistd_h=yes
ac_cv_header_endian_h=yes
ac_cv_header_features_h=yes
ac_cv_header_inttypes_h=yes
ac_cv_header_memory_h=yes
ac_cv_header_mqueue_h=yes
ac_cv_header_stdc=yes
ac_cv_header_stdint_h=yes
ac_cv_header_stdlib_h=yes
ac_cv_header_string_h=yes
ac_cv_header_strings_h=yes
ac_cv_header_sys_endian_h=no
ac_cv_header_sys_epoll_h=yes
ac_cv_header_sys_eventfd_h=yes
ac_cv_header_sys_klog_h=yes
ac_cv_header_sys_param_h=yes
ac_cv_header_sys_poll_h=yes
ac_cv_header_sys_signal_h=yes
ac_cv_header_sys_signalfd_h=yes
ac_cv_header_sys_stat_h=yes
ac_cv_header_sys_syscall_h=yes
ac_cv_header_sys_time_h=yes
ac_cv_header_sys_types_h=yes
ac_cv_header_time=yes
ac_cv_header_unistd_h=yes
ac_cv_host=x86_64-unknown-linux-gnu
ac_cv_lib_pthread_pthread_create=yes
ac_cv_lib_rt_clock_gettime=yes
ac_cv_member_pthread_mutex_t___data___kind=yes
ac_cv_member_pthread_mutex_t___m_kind=no
ac_cv_objext=o
ac_cv_path_AR=/usr/bin/ar
ac_cv_path_EGREP='/bin/grep -E'
ac_cv_path_GDB=/usr/bin/gdb
ac_cv_path_GREP=/bin/grep
ac_cv_path_PERL=/usr/bin/perl
ac_cv_path_SED=/bin/sed
ac_cv_path_install='/usr/bin/install -c'
ac_cv_path_mkdir=/bin/mkdir
ac_cv_prog_AWK=gawk
ac_cv_prog_CPP='gcc -E'
ac_cv_prog_ac_ct_CC=gcc
ac_cv_prog_ac_ct_CXX=g++
ac_cv_prog_ac_ct_RANLIB=ranlib
ac_cv_prog_cc_c89=
ac_cv_prog_cc_g=yes
ac_cv_prog_cxx_g=yes
ac_cv_prog_make_make_set=yes
ac_cv_type_off_t=yes
ac_cv_type_size_t=yes
ac_cv_type_uid_t=yes
am_cv_CCAS_dependencies_compiler_type=gcc3
am_cv_CC_dependencies_compiler_type=gcc3
am_cv_CXX_dependencies_compiler_type=gcc3
am_cv_make_support_nested_variables=yes
am_cv_prog_cc_c_o=yes
vg_cv_inner=no
vg_cv_linktime_tls=yes
vg_cv_only32bit=no
vg_cv_only64bit=yes
vg_cv_tls=yes

## ----------------- ##
## Output variables. ##
## ----------------- ##

ACLOCAL='aclocal-1.14'
AMDEPBACKSLASH='\'
AMDEP_FALSE='#'
AMDEP_TRUE=''
AMTAR='$${TAR-tar}'
AM_BACKSLASH='\'
AM_DEFAULT_V='$(AM_DEFAULT_VERBOSITY)'
AM_DEFAULT_VERBOSITY='1'
AM_V='$(V)'
AR='/usr/bin/ar'
AUTOCONF='autoconf'
AUTOHEADER='autoheader'
AUTOMAKE='automake-1.14'
AWK='gawk'
BOOST_CFLAGS=''
BOOST_LIBS=''
BUILD_LZCNT_TESTS_FALSE='#'
BUILD_LZCNT_TESTS_TRUE=''
BUILD_MPIWRAP_PRI_FALSE=''
BUILD_MPIWRAP_PRI_TRUE='#'
BUILD_MPIWRAP_SEC_FALSE=''
BUILD_MPIWRAP_SEC_TRUE='#'
BUILD_PCLMULQDQ_TESTS_FALSE='#'
BUILD_PCLMULQDQ_TESTS_TRUE=''
BUILD_SSE3_TESTS_FALSE='#'
BUILD_SSE3_TESTS_TRUE=''
BUILD_SSE42_TESTS_FALSE='#'
BUILD_SSE42_TESTS_TRUE=''
BUILD_SSSE3_TESTS_FALSE='#'
BUILD_SSSE3_TESTS_TRUE=''
CC='gcc'
CCAS='gcc'
CCASDEPMODE='depmode=gcc3'
CCASFLAGS='-g -Wno-long-long '
CCDEPMODE='depmode=gcc3'
CFLAGS='-g -Wno-long-long  -Wno-pointer-sign -fno-stack-protector'
CPP='gcc -E'
CPPFLAGS=''
CXX='g++'
CXXDEPMODE='depmode=gcc3'
CXXFLAGS='-g -Wno-long-long  -Wno-pointer-sign -fno-stack-protector'
CYGPATH_W='echo'
DEFAULT_SUPP='exp-sgcheck.supp xfree-3.supp xfree-4.supp glibc-2.X-drd.supp glibc-2.34567-NPTL-helgrind.supp glibc-2.X.supp '
DEFS='-DHAVE_CONFIG_H'
DEPDIR='.deps'
DIFF='diff -u'
DWARF4_FALSE='#'
DWARF4_TRUE=''
ECHO_C=''
ECHO_N='-n'
ECHO_T=''
EGREP='/bin/grep -E'
ENABLE_LINUX_TICKET_LOCK_PRIMARY_FALSE='#'
ENABLE_LINUX_TICKET_LOCK_PRIMARY_TRUE=''
ENABLE_LINUX_TICKET_LOCK_SECONDARY_FALSE=''
ENABLE_LINUX_TICKET_LOCK_SECONDARY_TRUE='#'
EXEEXT=''
FLAG_FNO_STACK_PROTECTOR='-fno-stack-protector'
FLAG_M32=''
FLAG_M64='-m64'
FLAG_MMMX='-mmmx'
FLAG_MSSE='-msse'
FLAG_NO_BUILD_ID='-Wl,--build-id=none'
FLAG_UNLIMITED_INLINE_UNIT_GROWTH='--param inline-unit-growth=900'
FLAG_W_EXTRA='-Wextra'
FLAG_W_NO_EMPTY_BODY='-Wno-empty-body'
FLAG_W_NO_FORMAT_ZERO_LENGTH='-Wno-format-zero-length'
FLAG_W_NO_NONNULL='-Wno-nonnull'
FLAG_W_NO_OVERFLOW='-Wno-overflow'
FLAG_W_NO_UNINITIALIZED='-Wno-uninitialized'
GDB='/usr/bin/gdb'
GLIBC_VERSION='2.17'
GREP='/bin/grep'
HAS_ALTIVEC_FALSE=''
HAS_ALTIVEC_TRUE='#'
HAS_DFP_FALSE=''
HAS_DFP_TRUE='#'
HAS_VSX_FALSE=''
HAS_VSX_TRUE='#'
HAVE_BOOST_1_35_FALSE=''
HAVE_BOOST_1_35_TRUE='#'
HAVE_BUILTIN_ATOMIC64_FALSE='#'
HAVE_BUILTIN_ATOMIC64_TRUE=''
HAVE_BUILTIN_ATOMIC_CXX_FALSE='#'
HAVE_BUILTIN_ATOMIC_CXX_TRUE=''
HAVE_BUILTIN_ATOMIC_FALSE='#'
HAVE_BUILTIN_ATOMIC_SECONDARY_FALSE=''
HAVE_BUILTIN_ATOMIC_SECONDARY_TRUE='#'
HAVE_BUILTIN_ATOMIC_TRUE=''
HAVE_OPENMP_FALSE='#'
HAVE_OPENMP_TRUE=''
HAVE_PTHREAD_BARRIER_FALSE='#'
HAVE_PTHREAD_BARRIER_TRUE=''
HAVE_PTHREAD_CREATE_GLIBC_2_0_FALSE=''
HAVE_PTHREAD_CREATE_GLIBC_2_0_TRUE='#'
HAVE_PTHREAD_MUTEX_TIMEDLOCK_FALSE='#'
HAVE_PTHREAD_MUTEX_TIMEDLOCK_TRUE=''
HAVE_PTHREAD_SPINLOCK_FALSE='#'
HAVE_PTHREAD_SPINLOCK_TRUE=''
HAVE_SHARED_POINTER_ANNOTATION_FALSE='#'
HAVE_SHARED_POINTER_ANNOTATION_TRUE=''
INSTALL_DATA='${INSTALL} -m 644'
INSTALL_PROGRAM='${INSTALL}'
INSTALL_SCRIPT='${INSTALL}'
INSTALL_STRIP_PROGRAM='$(install_sh) -c -s'
LDFLAGS=''
LIBOBJS=''
LIBS=''
LN_S='ln -s'
LTLIBOBJS=''
MAINT='#'
MAINTAINER_MODE_FALSE=''
MAINTAINER_MODE_TRUE='#'
MAKEINFO='makeinfo'
MKDIR_P='/bin/mkdir -p'
MPI_CC='mpicc'
OBJEXT='o'
PACKAGE='valgrind'
PACKAGE_BUGREPORT='valgrind-users@lists.sourceforge.net'
PACKAGE_NAME='Valgrind'
PACKAGE_STRING='Valgrind 3.8.0.SVN'
PACKAGE_TARNAME='valgrind'
PACKAGE_URL=''
PACKAGE_VERSION='3.8.0.SVN'
PATH_SEPARATOR=':'
PERL='/usr/bin/perl'
PREFERRED_STACK_BOUNDARY=''
RANLIB='ranlib'
SED='/bin/sed'
SET_MAKE=''
SHELL='/bin/bash'
STRIP=''
VALT_LOAD_ADDRESS_PRI='0x38000000'
VALT_LOAD_ADDRESS_SEC='0xUNSET'
VERSION='3.8.0.SVN'
VGCONF_ARCHS_INCLUDE_AMD64_FALSE='#'
VGCONF_ARCHS_INCLUDE_AMD64_TRUE=''
VGCONF_ARCHS_INCLUDE_ARM_FALSE=''
VGCONF_ARCHS_INCLUDE_ARM_TRUE='#'
VGCONF_ARCHS_INCLUDE_PPC32_FALSE=''
VGCONF_ARCHS_INCLUDE_PPC32_TRUE='#'
VGCONF_ARCHS_INCLUDE_PPC64_FALSE=''
VGCONF_ARCHS_INCLUDE_PPC64_TRUE='#'
VGCONF_ARCHS_INCLUDE_S390X_FALSE=''
VGCONF_ARCHS_INCLUDE_S390X_TRUE='#'
VGCONF_ARCHS_INCLUDE_X86_FALSE=''
VGCONF_ARCHS_INCLUDE_X86_TRUE='#'
VGCONF_ARCH_PRI='amd64'
VGCONF_ARCH_SEC=''
VGCONF_HAVE_PLATFORM_SEC_FALSE=''
VGCONF_HAVE_PLATFORM_SEC_TRUE='#'
VGCONF_OS='linux'
VGCONF_OS_IS_DARWIN_FALSE=''
VGCONF_OS_IS_DARWIN_TRUE='#'
VGCONF_OS_IS_LINUX_FALSE='#'
VGCONF_OS_IS_LINUX_TRUE=''
VGCONF_PLATFORMS_INCLUDE_AMD64_DARWIN_FALSE=''
VGCONF_PLATFORMS_INCLUDE_AMD64_DARWIN_TRUE='#'
VGCONF_PLATFORMS_INCLUDE_AMD64_LINUX_FALSE='#'
VGCONF_PLATFORMS_INCLUDE_AMD64_LINUX_TRUE=''
VGCONF_PLATFORMS_INCLUDE_ARM_LINUX_FALSE=''
VGCONF_PLATFORMS_INCLUDE_ARM_LINUX_TRUE='#'
VGCONF_PLATFORMS_INCLUDE_PPC32_LINUX_FALSE=''
VGCONF_PLATFORMS_INCLUDE_PPC32_LINUX_TRUE='#'
VGCONF_PLATFORMS_INCLUDE_PPC64_LINUX_FALSE=''
VGCONF_PLATFORMS_INCLUDE_PPC64_LINUX_TRUE='#'
VGCONF_PLATFORMS_INCLUDE_S390X_LINUX_FALSE=''
VGCONF_PLATFORMS_INCLUDE_S390X_LINUX_TRUE='#'
VGCONF_PLATFORMS_INCLUDE_X86_DARWIN_FALSE=''
VGCONF_PLATFORMS_INCLUDE_X86_DARWIN_TRUE='#'
VGCONF_PLATFORMS_INCLUDE_X86_LINUX_FALSE=''
VGCONF_PLATFORMS_INCLUDE_X86_LINUX_TRUE='#'
VGCONF_PLATFORM_PRI_CAPS='AMD64_LINUX'
VGCONF_PLATFORM_SEC_CAPS=''
VGCONF_PLATVARIANT='vanilla'
VGCONF_PLATVARIANT_IS_ANDROID_FALSE=''
VGCONF_PLATVARIANT_IS_ANDROID_TRUE='#'
VGCONF_PLATVARIANT_IS_VANILLA_FALSE='#'
VGCONF_PLATVARIANT_IS_VANILLA_TRUE=''
ac_ct_CC='gcc'
ac_ct_CXX='g++'
am__EXEEXT_FALSE=''
am__EXEEXT_TRUE='#'
am__fastdepCCAS_FALSE='#'
am__fastdepCCAS_TRUE=''
am__fastdepCC_FALSE='#'
am__fastdepCC_TRUE=''
am__fastdepCXX_FALSE='#'
am__fastdepCXX_TRUE=''
am__include='include'
am__isrc=''
am__leading_dot='.'
am__nodep='_no'
am__quote=''
am__tar='$${TAR-tar} chof - "$$tardir"'
am__untar='$${TAR-tar} xf -'
bindir='${exec_prefix}/bin'
build='x86_64-unknown-linux-gnu'
build_alias=''
build_cpu='x86_64'
build_os='linux-gnu'
build_vendor='unknown'
datadir='${datarootdir}'
datarootdir='${prefix}/share'
docdir='${datarootdir}/doc/${PACKAGE_TARNAME}'
dvidir='${docdir}'
exec_prefix='${prefix}'
host='x86_64-unknown-linux-gnu'
host_alias=''
host_cpu='x86_64'
host_os='linux-gnu'
host_vendor='unknown'
htmldir='${docdir}'
includedir='${prefix}/include'
infodir='${datarootdir}/info'
install_sh='${SHELL} /home/david/Work/valgrind/install-sh'
libdir='${exec_prefix}/lib'
libexecdir='${exec_prefix}/libexec'
localedir='${datarootdir}/locale'
localstatedir='${prefix}/var'
mandir='${datarootdir}/man'
mkdir_p='$(MKDIR_P)'
oldincludedir='/usr/include'
pdfdir='${docdir}'
prefix='/home/david/install/valgrind'
program_transform_name='s,x,x,'
psdir='${docdir}'
sbindir='${exec_prefix}/sbin'
sharedstatedir='${prefix}/com'
sysconfdir='${prefix}/etc'
target_alias=''

## ----------- ##
## confdefs.h. ##
## ----------- ##

/* confdefs.h */
#define PACKAGE_NAME "Valgrind"
#define PACKAGE_TARNAME "valgrind"
#define PACKAGE_VERSION "3.8.0.SVN"
#define PACKAGE_STRING "Valgrind 3.8.0.SVN"
#define PACKAGE_BUGREPORT "valgrind-users@lists.sourceforge.net"
#define PACKAGE_URL ""
#define PACKAGE "valgrind"
#define VERSION "3.8.0.SVN"
#define GDB_PATH "/usr/bin/gdb"
#define KERNEL_2_6 1
#define VG_TMPDIR "/tmp"
#define STDC_HEADERS 1
#define HAVE_SYS_TYPES_H 1
#define HAVE_SYS_STAT_H 1
#define HAVE_STDLIB_H 1
#define HAVE_STRING_H 1
#define HAVE_MEMORY_H 1
#define HAVE_STRINGS_H 1
#define HAVE_INTTYPES_H 1
#define HAVE_STDINT_H 1
#define HAVE_UNISTD_H 1
#define GLIBC_2_17 1
#define HAVE_CLOCK_MONOTONIC 1
#define HAVE_PTHREAD_RWLOCK_T 1
#define HAVE_PTHREAD_MUTEX_ADAPTIVE_NP 1
#define HAVE_PTHREAD_MUTEX_ERRORCHECK_NP 1
#define HAVE_PTHREAD_MUTEX_RECURSIVE_NP 1
#define HAVE_PTHREAD_RECURSIVE_MUTEX_INITIALIZER_NP 1
#define HAVE_PTHREAD_MUTEX_T__DATA__KIND 1
#define HAVE_EVENTFD 1
#define HAVE_EVENTFD_READ 1
#define HAVE_TLS 1
#define STDC_HEADERS 1
#define HAVE_ASM_UNISTD_H 1
#define HAVE_ENDIAN_H 1
#define HAVE_MQUEUE_H 1
#define HAVE_SYS_EPOLL_H 1
#define HAVE_SYS_EVENTFD_H 1
#define HAVE_SYS_KLOG_H 1
#define HAVE_SYS_POLL_H 1
#define HAVE_SYS_SIGNAL_H 1
#define HAVE_SYS_SIGNALFD_H 1
#define HAVE_SYS_SYSCALL_H 1
#define HAVE_SYS_TIME_H 1
#define HAVE_SYS_TYPES_H 1
#define HAVE_USABLE_LINUX_FUTEX_H 1
#define TIME_WITH_SYS_TIME 1
#define HAVE_STDLIB_H 1
#define HAVE_UNISTD_H 1
#define HAVE_SYS_PARAM_H 1
#define HAVE_GETPAGESIZE 1
#define HAVE_MMAP 1
#define HAVE_LIBPTHREAD 1
#define HAVE_LIBRT 1
#define HAVE_CLOCK_GETTIME 1
#define HAVE_EPOLL_CREATE 1
#define HAVE_EPOLL_PWAIT 1
#define HAVE_KLOGCTL 1
#define HAVE_MALLINFO 1
#define HAVE_MEMCHR 1
#define HAVE_MEMSET 1
#define HAVE_MKDIR 1
#define HAVE_MREMAP 1
#define HAVE_PPOLL 1
#define HAVE_PTHREAD_BARRIER_INIT 1
#define HAVE_PTHREAD_CONDATTR_SETCLOCK 1
#define HAVE_PTHREAD_MUTEX_TIMEDLOCK 1
#define HAVE_PTHREAD_RWLOCK_TIMEDRDLOCK 1
#define HAVE_PTHREAD_RWLOCK_TIMEDWRLOCK 1
#define HAVE_PTHREAD_SPIN_LOCK 1
#define HAVE_PTHREAD_YIELD 1
#define HAVE_READLINKAT 1
#define HAVE_SEMTIMEDOP 1
#define HAVE_SIGNALFD 1
#define HAVE_SIGWAITINFO 1
#define HAVE_STRCHR 1
#define HAVE_STRDUP 1
#define HAVE_STRPBRK 1
#define HAVE_STRRCHR 1
#define HAVE_STRSTR 1
#define HAVE_SYSCALL 1
#define HAVE_UTIMENSAT 1
#define HAVE_PROCESS_VM_READV 1
#define HAVE_PROCESS_VM_WRITEV 1
#define HAVE_BUILTIN_ATOMIC 1
#define HAVE_BUILTIN_ATOMIC_CXX 1
#define HAVE_SHARED_POINTER_ANNOTATION 1

configure: exit 0

## ---------------------- ##
## Running config.status. ##
## ---------------------- ##

This file was extended by Valgrind config.status 3.8.0.SVN, which was
generated by GNU Autoconf 2.69.  Invocation command line was

  CONFIG_FILES    = 
  CONFIG_HEADERS  = 
  CONFIG_LINKS    = 
  CONFIG_COMMANDS = 
  $ ./config.status 

on osage

config.status:1132: creating Makefile
config.status:1132: creating VEX/Makefile
config.status:1132: creating valgrind.spec
config.status:1132: creating valgrind.pc
config.status:1132: creating glibc-2.X.supp
config.status:1132: creating docs/Makefile
config.status:1132: creating tests/Makefile
config.status:1132: creating tests/vg_regtest
config.status:1132: creating perf/Makefile
config.status:1132: creating perf/vg_perf
config.status:1132: creating gdbserver_tests/Makefile
config.status:1132: creating include/Makefile
config.status:1132: creating auxprogs/Makefile
config.status:1132: creating mpi/Makefile
config.status:1132: creating coregrind/Makefile
config.status:1132: creating memcheck/Makefile
config.status:1132: creating memcheck/tests/Makefile
config.status:1132: creating memcheck/tests/amd64/Makefile
config.status:1132: creating memcheck/tests/x86/Makefile
config.status:1132: creating memcheck/tests/linux/Makefile
config.status:1132: creating memcheck/tests/darwin/Makefile
config.status:1132: creating memcheck/tests/amd64-linux/Makefile
config.status:1132: creating memcheck/tests/x86-linux/Makefile
config.status:1132: creating memcheck/tests/ppc32/Makefile
config.status:1132: creating memcheck/tests/ppc64/Makefile
config.status:1132: creating cachegrind/Makefile
config.status:1132: creating cachegrind/tests/Makefile
config.status:1132: creating cachegrind/tests/x86/Makefile
config.status:1132: creating cachegrind/cg_annotate
config.status:1132: creating cachegrind/cg_diff
config.status:1132: creating callgrind/Makefile
config.status:1132: creating callgrind/callgrind_annotate
config.status:1132: creating callgrind/callgrind_control
config.status:1132: creating callgrind/tests/Makefile
config.status:1132: creating helgrind/Makefile
config.status:1132: creating helgrind/tests/Makefile
config.status:1132: creating massif/Makefile
config.status:1132: creating massif/tests/Makefile
config.status:1132: creating massif/ms_print
config.status:1132: creating lackey/Makefile
config.status:1132: creating lackey/tests/Makefile
config.status:1132: creating heapinfo/Makefile
config.status:1132: creating heapinfo/tests/Makefile
config.status:1132: creating none/Makefile
config.status:1132: creating none/tests/Makefile
config.status:1132: creating none/tests/amd64/Makefile
config.status:1132: creating none/tests/ppc32/Makefile
config.status:1132: creating none/tests/ppc64/Makefile
config.status:1132: creating none/tests/x86/Makefile
config.status:1132: creating none/tests/arm/Makefile
config.status:1132: creating none/tests/s390x/Makefile
config.status:1132: creating none/tests/linux/Makefile
config.status:1132: creating none/tests/darwin/Makefile
config.status:1132: creating none/tests/x86-linux/Makefile
config.status:1132: creating exp-sgcheck/Makefile
config.status:1132: creating exp-sgcheck/tests/Makefile
config.status:1132: creating drd/Makefile
config.status:1132: creating drd/scripts/download-and-build-splash2
config.status:1132: creating drd/tests/Makefile
config.status:1132: creating exp-bbv/Makefile
config.status:1132: creating exp-bbv/tests/Makefile
config.status:1132: creating exp-bbv/tests/x86/Makefile
config.status:1132: creating exp-bbv/tests/x86-linux/Makefile
config.status:1132: creating exp-bbv/tests/amd64-linux/Makefile
config.status:1132: creating exp-bbv/tests/ppc32-linux/Makefile
config.status:1132: creating exp-bbv/tests/arm-linux/Makefile
config.status:1132: creating exp-dhat/Makefile
config.status:1132: creating exp-dhat/tests/Makefile
config.status:1132: creating coregrind/link_tool_exe_linux
config.status:1132: creating coregrind/link_tool_exe_darwin
config.status:1132: creating config.h
config.status:1313: config.h is unchanged
config.status:1361: executing depfiles commands
